{"timestamp":"2025-05-26T01:14:15,843","container":"210d11e36e84","level":"INFO","thread":"main","class":"Besu","message":"Starting Besu","throwable":""}
{"timestamp":"2025-05-26T01:14:16,874","container":"210d11e36e84","level":"WARN","thread":"main","class":"Besu","message":"--min-gas-price has been ignored because --miner-enabled was not defined on the command line.","throwable":""}
{"timestamp":"2025-05-26T01:14:18,201","container":"210d11e36e84","level":"INFO","thread":"main","class":"Besu","message":"
####################################################################################################
#                                                                                                  #
# Besu version 23.4.1                                                                              #
#                                                                                                  #
# Configuration:                                                                                   #
# Network: Custom genesis file specified                                                           #
# Network Id: 1337                                                                                 #
# Data storage: Forest                                                                             #
# Sync mode: Full                                                                                  #
# RPC HTTP APIs: EEA,WEB3,ETH,NET,TRACE,DEBUG,ADMIN,TXPOOL,PERM,QBFT                               #
# RPC HTTP port: 8545                                                                              #
#                                                                                                  #
# Host:                                                                                            #
# Java: openjdk-java-17                                                                            #
# Maximum heap size: 1.78 GB                                                                       #
# OS: linux-x86_64                                                                                 #
# glibc: 2.35                                                                                      #
# jemalloc: 5.2.1-0-gea6b3e973b477b8061e0076bb257dbd7f3faa756                                      #
# Total memory: 7.11 GB                                                                            #
# CPU cores: 16                                                                                    #
#                                                                                                  #
####################################################################################################","throwable":""}
{"timestamp":"2025-05-26T01:14:18,202","container":"210d11e36e84","level":"INFO","thread":"main","class":"Besu","message":"Connecting to 8 static nodes.","throwable":""}
{"timestamp":"2025-05-26T01:14:18,202","container":"210d11e36e84","level":"INFO","thread":"main","class":"Besu","message":"Security Module: localfile","throwable":""}
{"timestamp":"2025-05-26T01:14:18,269","container":"210d11e36e84","level":"INFO","thread":"main","class":"Besu","message":"Using the native implementation of alt bn128","throwable":""}
{"timestamp":"2025-05-26T01:14:18,318","container":"210d11e36e84","level":"INFO","thread":"main","class":"Besu","message":"Using the native implementation of modexp","throwable":""}
{"timestamp":"2025-05-26T01:14:18,319","container":"210d11e36e84","level":"INFO","thread":"main","class":"Besu","message":"Using the native implementation of the signature algorithm","throwable":""}
{"timestamp":"2025-05-26T01:14:18,340","container":"210d11e36e84","level":"INFO","thread":"main","class":"Besu","message":"Using the native implementation of the blake2bf algorithm","throwable":""}
{"timestamp":"2025-05-26T01:14:18,379","container":"210d11e36e84","level":"INFO","thread":"main","class":"RocksDBKeyValueStorageFactory","message":"No existing database detected at /opt/besu/data. Using version 1","throwable":""}
{"timestamp":"2025-05-26T01:14:20,014","container":"210d11e36e84","level":"INFO","thread":"main","class":"KeyPairUtil","message":"Loaded public key 0x8208a3f344695d44e9cf2c023683cbea7b9343e2f70a5e804bd2c93858e945f8f91439eef96a4ab6c47ff06637d6fbe6472f96de1655a1bee57ea896654f3a22 from /opt/besu/keys/nodekey","throwable":""}
{"timestamp":"2025-05-26T01:14:20,032","container":"210d11e36e84","level":"WARN","thread":"main","class":"Besu","message":"Privacy is disabled. Cannot use EEA/PRIV API methods when not using Privacy.","throwable":""}
{"timestamp":"2025-05-26T01:14:20,565","container":"210d11e36e84","level":"INFO","thread":"main","class":"ProtocolScheduleBuilder","message":"Protocol schedule created with milestones: [GrayGlacier: 0]","throwable":""}
{"timestamp":"2025-05-26T01:14:21,075","container":"210d11e36e84","level":"INFO","thread":"main","class":"TransactionPoolFactory","message":"Enabling transaction pool","throwable":""}
{"timestamp":"2025-05-26T01:14:21,138","container":"210d11e36e84","level":"INFO","thread":"main","class":"BesuControllerBuilder","message":"TTD difficulty is not present, creating initial sync phase for PoW","throwable":""}
{"timestamp":"2025-05-26T01:14:21,331","container":"210d11e36e84","level":"INFO","thread":"main","class":"RunnerBuilder","message":"Detecting NAT service.","throwable":""}
{"timestamp":"2025-05-26T01:14:23,019","container":"210d11e36e84","level":"INFO","thread":"main","class":"Runner","message":"Starting external services ... ","throwable":""}
{"timestamp":"2025-05-26T01:14:23,020","container":"210d11e36e84","level":"INFO","thread":"main","class":"MetricsHttpService","message":"Starting metrics http service on 0.0.0.0:9545","throwable":""}
{"timestamp":"2025-05-26T01:14:23,367","container":"210d11e36e84","level":"INFO","thread":"vert.x-eventloop-thread-1","class":"MetricsHttpService","message":"Metrics service started and listening on 0.0.0.0:9545","throwable":""}
{"timestamp":"2025-05-26T01:14:23,365","container":"210d11e36e84","level":"INFO","thread":"main","class":"JsonRpcHttpService","message":"Starting JSON-RPC service on 0.0.0.0:8545","throwable":""}
{"timestamp":"2025-05-26T01:14:23,433","container":"210d11e36e84","level":"INFO","thread":"vert.x-eventloop-thread-1","class":"JsonRpcHttpService","message":"JSON-RPC service started and listening on 0.0.0.0:8545","throwable":""}
{"timestamp":"2025-05-26T01:14:23,440","container":"210d11e36e84","level":"INFO","thread":"main","class":"GraphQLHttpService","message":"Starting GraphQL HTTP service on 0.0.0.0:8547","throwable":""}
{"timestamp":"2025-05-26T01:14:23,448","container":"210d11e36e84","level":"INFO","thread":"main","class":"WebSocketService","message":"Starting Websocket service on 0.0.0.0:8546","throwable":""}
{"timestamp":"2025-05-26T01:14:23,447","container":"210d11e36e84","level":"INFO","thread":"vert.x-eventloop-thread-1","class":"GraphQLHttpService","message":"GraphQL HTTP service started and listening on 0.0.0.0:8547","throwable":""}
{"timestamp":"2025-05-26T01:14:23,461","container":"210d11e36e84","level":"INFO","thread":"vert.x-eventloop-thread-1","class":"WebSocketService","message":"Websocket service started and listening on 0.0.0.0:8546","throwable":""}
{"timestamp":"2025-05-26T01:14:23,468","container":"210d11e36e84","level":"INFO","thread":"main","class":"AutoTransactionLogBloomCachingService","message":"Starting auto transaction log bloom caching service.","throwable":""}
{"timestamp":"2025-05-26T01:14:23,476","container":"210d11e36e84","level":"INFO","thread":"main","class":"LogBloomCacheMetadata","message":"Lookup cache metadata file in data directory: /opt/besu/data/caches","throwable":""}
{"timestamp":"2025-05-26T01:14:23,529","container":"210d11e36e84","level":"INFO","thread":"main","class":"Runner","message":"Starting Ethereum main loop ... ","throwable":""}
{"timestamp":"2025-05-26T01:14:23,532","container":"210d11e36e84","level":"INFO","thread":"main","class":"NatService","message":"No NAT environment detected so no service could be started","throwable":""}
{"timestamp":"2025-05-26T01:14:23,534","container":"210d11e36e84","level":"INFO","thread":"main","class":"NetworkRunner","message":"Starting Network.","throwable":""}
{"timestamp":"2025-05-26T01:14:23,648","container":"210d11e36e84","level":"INFO","thread":"nioEventLoopGroup-2-1","class":"RlpxAgent","message":"P2P RLPx agent started and listening on /[0:0:0:0:0:0:0:0]:30303.","throwable":""}
{"timestamp":"2025-05-26T01:14:23,649","container":"210d11e36e84","level":"INFO","thread":"main","class":"PeerDiscoveryAgent","message":"Starting peer discovery agent on host=0.0.0.0, port=30303","throwable":""}
{"timestamp":"2025-05-26T01:14:24,098","container":"210d11e36e84","level":"INFO","thread":"vert.x-eventloop-thread-1","class":"VertxPeerDiscoveryAgent","message":"Started peer discovery agent successfully, on effective host=0:0:0:0:0:0:0:0%0 and port=30303","throwable":""}
{"timestamp":"2025-05-26T01:14:24,108","container":"210d11e36e84","level":"INFO","thread":"vert.x-eventloop-thread-1","class":"PeerDiscoveryAgent","message":"P2P peer discovery agent started and listening on /[0:0:0:0:0:0:0:0%0]:30303","throwable":""}
{"timestamp":"2025-05-26T01:14:24,398","container":"210d11e36e84","level":"INFO","thread":"vert.x-eventloop-thread-1","class":"PeerDiscoveryAgent","message":"Writing node record to disk. NodeRecord{seq=1, publicKey=0x028208a3f344695d44e9cf2c023683cbea7b9343e2f70a5e804bd2c93858e945f8, udpAddress=Optional[/172.16.239.11:30303], tcpAddress=Optional[/172.16.239.11:30303], asBase64=-Je4QOCbk-eOngUpaYFsGPPjFgQmjVboz2kBjraHkwuaKjfWGjR_bWtplYkhOtgIH6S7VY42OdLVUbBxNpY02jh_NHQBg2V0aMfGhMw13_-AgmlkgnY0gmlwhKwQ7wuJc2VjcDI1NmsxoQKCCKPzRGldROnPLAI2g8vqe5ND4vcKXoBL0sk4WOlF-IN0Y3CCdl-DdWRwgnZf, nodeId=0x58e94810eeee14c28613b47e93917cadbace5dfce132b991732c6cda9bcc5b8a, customFields={tcp=30303, udp=30303, ip=0xac10ef0b, eth=[[0xcc35dfff, 0x]], id=V4, secp256k1=0x028208a3f344695d44e9cf2c023683cbea7b9343e2f70a5e804bd2c93858e945f8}}","throwable":""}
{"timestamp":"2025-05-26T01:14:24,599","container":"210d11e36e84","level":"INFO","thread":"main","class":"DefaultP2PNetwork","message":"Enode URL enode://8208a3f344695d44e9cf2c023683cbea7b9343e2f70a5e804bd2c93858e945f8f91439eef96a4ab6c47ff06637d6fbe6472f96de1655a1bee57ea896654f3a22@172.16.239.11:30303","throwable":""}
{"timestamp":"2025-05-26T01:14:24,599","container":"210d11e36e84","level":"INFO","thread":"main","class":"DefaultP2PNetwork","message":"Node address 0x93917cadbace5dfce132b991732c6cda9bcc5b8a","throwable":""}
{"timestamp":"2025-05-26T01:14:24,953","container":"210d11e36e84","level":"INFO","thread":"main","class":"NetworkRunner","message":"Supported capabilities: [eth/62, eth/63, eth/64, eth/65, eth/66, eth/67, eth/68], [istanbul/100], [snap/1]","throwable":""}
{"timestamp":"2025-05-26T01:14:24,953","container":"210d11e36e84","level":"INFO","thread":"main","class":"DefaultSynchronizer","message":"Starting synchronizer.","throwable":""}
{"timestamp":"2025-05-26T01:14:25,154","container":"210d11e36e84","level":"INFO","thread":"main","class":"TransactionPoolFactory","message":"Enabling transaction handling following initial sync","throwable":""}
{"timestamp":"2025-05-26T01:14:25,181","container":"210d11e36e84","level":"INFO","thread":"main","class":"FullSyncDownloader","message":"Starting full sync.","throwable":""}
{"timestamp":"2025-05-26T01:14:25,197","container":"210d11e36e84","level":"INFO","thread":"main","class":"FullSyncTargetManager","message":"Unable to find sync target. Currently checking 0 peers for usefulness","throwable":""}
{"timestamp":"2025-05-26T01:14:25,418","container":"210d11e36e84","level":"INFO","thread":"main","class":"Runner","message":"Ethereum main loop is up.","throwable":""}
{"timestamp":"2025-05-26T01:14:25,741","container":"210d11e36e84","level":"INFO","thread":"nioEventLoopGroup-3-8","class":"FullSyncTargetManager","message":"Unable to find sync target. Currently checking 4 peers for usefulness","throwable":""}
{"timestamp":"2025-05-26T01:14:30,750","container":"210d11e36e84","level":"INFO","thread":"EthScheduler-Timer-0","class":"FullSyncTargetManager","message":"Unable to find sync target. Currently checking 4 peers for usefulness","throwable":""}
{"timestamp":"2025-05-26T01:14:34,820","container":"210d11e36e84","level":"INFO","thread":"BftProcessorExecutor-QBFT-0","class":"QbftRound","message":"Importing proposed block to chain. round=ConsensusRoundIdentifier{Sequence=1, Round=1}, hash=0x3e8d62913d92e49f14e1644ac7eb77d7168426ac2eb8f7e84b5c5f6538a7235a","throwable":""}
{"timestamp":"2025-05-26T01:14:34,866","container":"210d11e36e84","level":"INFO","thread":"BftProcessorExecutor-QBFT-0","class":"QbftBesuControllerBuilder","message":"Produced #1 / 0 tx / 0 pending / 0 (0.0%) gas / (0x3e8d62913d92e49f14e1644ac7eb77d7168426ac2eb8f7e84b5c5f6538a7235a)","throwable":""}
{"timestamp":"2025-05-26T01:14:35,752","container":"210d11e36e84","level":"INFO","thread":"EthScheduler-Timer-0","class":"FullSyncTargetManager","message":"Unable to find sync target. Currently checking 4 peers for usefulness","throwable":""}
{"timestamp":"2025-05-26T01:14:39,134","container":"210d11e36e84","level":"INFO","thread":"EthScheduler-Workers-0","class":"PersistBlockTask","message":"Block 2 (0xc50627cad676a67529d063872c3c427eeff1adc79069b9c4d76de9a9d1e02cb8) is already imported","throwable":""}
{"timestamp":"2025-05-26T01:14:39,136","container":"210d11e36e84","level":"INFO","thread":"BftProcessorExecutor-QBFT-0","class":"QbftBesuControllerBuilder","message":"Imported #2 / 0 tx / 0 pending / 0 (0.0%) gas / (0xc50627cad676a67529d063872c3c427eeff1adc79069b9c4d76de9a9d1e02cb8)","throwable":""}
{"timestamp":"2025-05-26T01:14:44,069","container":"210d11e36e84","level":"INFO","thread":"BftProcessorExecutor-QBFT-0","class":"QbftBesuControllerBuilder","message":"Imported #3 / 0 tx / 0 pending / 0 (0.0%) gas / (0x83c839578fdd281155ab1c9945c80d7e731aa9a54df9a550e23f01e8a0a5e2e7)","throwable":""}
{"timestamp":"2025-05-26T01:14:49,081","container":"210d11e36e84","level":"INFO","thread":"BftProcessorExecutor-QBFT-0","class":"QbftBesuControllerBuilder","message":"Imported #4 / 0 tx / 0 pending / 0 (0.0%) gas / (0x6dd6f8f27d114c2e54ee7debfd88dd54cde4bbfe41ef447961a4ed1363031d14)","throwable":""}
{"timestamp":"2025-05-26T01:14:49,083","container":"210d11e36e84","level":"INFO","thread":"EthScheduler-Workers-0","class":"PersistBlockTask","message":"Block 4 (0x6dd6f8f27d114c2e54ee7debfd88dd54cde4bbfe41ef447961a4ed1363031d14) is already imported","throwable":""}
{"timestamp":"2025-05-26T01:14:54,092","container":"210d11e36e84","level":"INFO","thread":"BftProcessorExecutor-QBFT-0","class":"QbftBesuControllerBuilder","message":"Produced #5 / 0 tx / 0 pending / 0 (0.0%) gas / (0x51c169247fb9d26d895259b50f859a53cb1cefed2ae4c63cc324e0abc083d783)","throwable":""}
{"timestamp":"2025-05-26T01:14:59,049","container":"210d11e36e84","level":"INFO","thread":"BftProcessorExecutor-QBFT-0","class":"QbftBesuControllerBuilder","message":"Imported #6 / 0 tx / 0 pending / 0 (0.0%) gas / (0x2e3944b097e4a67b49b2f6a7849c922afeebc75a04b787bb2ba4b1da257ea7d1)","throwable":""}
{"timestamp":"2025-05-26T01:15:04,047","container":"210d11e36e84","level":"INFO","thread":"BftProcessorExecutor-QBFT-0","class":"QbftBesuControllerBuilder","message":"Imported #7 / 0 tx / 0 pending / 0 (0.0%) gas / (0xea053eecc5de05b355765a285153922c2424e696b3687817e98df176b6f1bf95)","throwable":""}
{"timestamp":"2025-05-26T01:15:09,122","container":"210d11e36e84","level":"INFO","thread":"BftProcessorExecutor-QBFT-0","class":"QbftBesuControllerBuilder","message":"Imported #8 / 0 tx / 0 pending / 0 (0.0%) gas / (0x80debcaf1e372230457ee2b03cc11379389314857bd4217efe6371ddeb0d773c)","throwable":""}
{"timestamp":"2025-05-26T01:15:14,164","container":"210d11e36e84","level":"INFO","thread":"EthScheduler-Workers-0","class":"PersistBlockTask","message":"Block 9 (0x66b7fe968abc688a53316f65098b25a07b98370c7393147d3954014989488ac3) is already imported","throwable":""}
{"timestamp":"2025-05-26T01:15:14,191","container":"210d11e36e84","level":"INFO","thread":"BftProcessorExecutor-QBFT-0","class":"QbftBesuControllerBuilder","message":"Produced #9 / 0 tx / 0 pending / 0 (0.0%) gas / (0x66b7fe968abc688a53316f65098b25a07b98370c7393147d3954014989488ac3)","throwable":""}
{"timestamp":"2025-05-26T01:15:19,072","container":"210d11e36e84","level":"INFO","thread":"BftProcessorExecutor-QBFT-0","class":"QbftBesuControllerBuilder","message":"Imported #10 / 0 tx / 0 pending / 0 (0.0%) gas / (0x25f59d5dcf892445efb52ca18d9436c14ba9ca1d1293a7ecf9a54cf53c4af16d)","throwable":""}
{"timestamp":"2025-05-26T01:15:24,058","container":"210d11e36e84","level":"INFO","thread":"BftProcessorExecutor-QBFT-0","class":"QbftBesuControllerBuilder","message":"Imported #11 / 0 tx / 0 pending / 0 (0.0%) gas / (0x95a1fa1d2319f3294d5c17a9d1e62d02b137c61015da6d2cbda64c386af48d0d)","throwable":""}
{"timestamp":"2025-05-26T01:15:29,049","container":"210d11e36e84","level":"INFO","thread":"BftProcessorExecutor-QBFT-0","class":"QbftBesuControllerBuilder","message":"Imported #12 / 0 tx / 0 pending / 0 (0.0%) gas / (0xd3e15b898073adbb8bf137bb19344b7d1c02a09b3cf17391f7bfa9695f0c580f)","throwable":""}
{"timestamp":"2025-05-26T01:15:35,760","container":"210d11e36e84","level":"INFO","thread":"EthScheduler-Timer-0","class":"FullSyncTargetManager","message":"Unable to find sync target. Currently checking 0 peers for usefulness","throwable":""}
{"timestamp":"2025-05-26T01:15:36,512","container":"210d11e36e84","level":"INFO","thread":"BftProcessorExecutor-QBFT-0","class":"BftProcessor","message":"Shutting down BFT event processor","throwable":""}
{"timestamp":"2025-05-26T01:15:36,514","container":"210d11e36e84","level":"INFO","thread":"BesuCommand-Shutdown-Hook","class":"DefaultSynchronizer","message":"Stopping synchronizer","throwable":""}
{"timestamp":"2025-05-26T01:15:36,518","container":"210d11e36e84","level":"INFO","thread":"BesuCommand-Shutdown-Hook","class":"NetworkRunner","message":"Stopping Network.","throwable":""}
{"timestamp":"2025-05-26T01:15:36,526","container":"210d11e36e84","level":"INFO","thread":"BesuCommand-Shutdown-Hook","class":"EthProtocolManager","message":"Stopping eth Subprotocol.","throwable":""}
{"timestamp":"2025-05-26T01:15:36,529","container":"210d11e36e84","level":"INFO","thread":"BesuCommand-Shutdown-Hook","class":"EthProtocolManager","message":"eth Subprotocol stopped.","throwable":""}
{"timestamp":"2025-05-26T01:15:36,529","container":"210d11e36e84","level":"INFO","thread":"BesuCommand-Shutdown-Hook","class":"NetworkRunner","message":"Network stopped.","throwable":""}
{"timestamp":"2025-05-26T01:15:36,530","container":"210d11e36e84","level":"INFO","thread":"BesuCommand-Shutdown-Hook","class":"AutoTransactionLogBloomCachingService","message":"Shutting down Auto transaction logs caching service.","throwable":""}
{"timestamp":"2025-05-26T01:15:36,532","container":"210d11e36e84","level":"INFO","thread":"BesuCommand-Shutdown-Hook","class":"NatService","message":"No NAT environment detected so no service could be stopped","throwable":""}
