{"timestamp":"2025-05-31T18:48:23,446","container":"4a4f7177a5cb","level":"INFO","thread":"main","class":"Besu","message":"Starting Besu","throwable":""}
{"timestamp":"2025-05-31T18:48:24,792","container":"4a4f7177a5cb","level":"WARN","thread":"main","class":"Besu","message":"--min-gas-price has been ignored because --miner-enabled was not defined on the command line.","throwable":""}
{"timestamp":"2025-05-31T18:48:26,906","container":"4a4f7177a5cb","level":"INFO","thread":"main","class":"Besu","message":"
####################################################################################################
#                                                                                                  #
# Besu version 23.4.1                                                                              #
#                                                                                                  #
# Configuration:                                                                                   #
# Network: Custom genesis file specified                                                           #
# Network Id: 1337                                                                                 #
# Data storage: Forest                                                                             #
# Sync mode: Full                                                                                  #
# RPC HTTP APIs: EEA,WEB3,ETH,NET,TRACE,DEBUG,ADMIN,TXPOOL,PERM,CLIQUE                             #
# RPC HTTP port: 8545                                                                              #
#                                                                                                  #
# Host:                                                                                            #
# Java: openjdk-java-17                                                                            #
# Maximum heap size: 1.78 GB                                                                       #
# OS: linux-x86_64                                                                                 #
# glibc: 2.35                                                                                      #
# jemalloc: 5.2.1-0-gea6b3e973b477b8061e0076bb257dbd7f3faa756                                      #
# Total memory: 7.11 GB                                                                            #
# CPU cores: 16                                                                                    #
#                                                                                                  #
####################################################################################################","throwable":""}
{"timestamp":"2025-05-31T18:48:26,911","container":"4a4f7177a5cb","level":"INFO","thread":"main","class":"Besu","message":"Connecting to 8 static nodes.","throwable":""}
{"timestamp":"2025-05-31T18:48:26,913","container":"4a4f7177a5cb","level":"INFO","thread":"main","class":"Besu","message":"Security Module: localfile","throwable":""}
{"timestamp":"2025-05-31T18:48:27,046","container":"4a4f7177a5cb","level":"INFO","thread":"main","class":"Besu","message":"Using the native implementation of alt bn128","throwable":""}
{"timestamp":"2025-05-31T18:48:27,133","container":"4a4f7177a5cb","level":"INFO","thread":"main","class":"Besu","message":"Using the native implementation of modexp","throwable":""}
{"timestamp":"2025-05-31T18:48:27,138","container":"4a4f7177a5cb","level":"INFO","thread":"main","class":"Besu","message":"Using the native implementation of the signature algorithm","throwable":""}
{"timestamp":"2025-05-31T18:48:27,165","container":"4a4f7177a5cb","level":"INFO","thread":"main","class":"Besu","message":"Using the native implementation of the blake2bf algorithm","throwable":""}
{"timestamp":"2025-05-31T18:48:27,212","container":"4a4f7177a5cb","level":"INFO","thread":"main","class":"RocksDBKeyValueStorageFactory","message":"No existing database detected at /opt/besu/data. Using version 1","throwable":""}
{"timestamp":"2025-05-31T18:48:29,028","container":"4a4f7177a5cb","level":"INFO","thread":"main","class":"KeyPairUtil","message":"Loaded public key 0x59cf0c623c582fa9b19bdf70fb6bade07f4ae32218dd4d1c7e2c7e65acf87da45cf2ab55d16d27360aafef17622c37c09db60d7680ebcc17b78867f4c05bcaa4 from /opt/besu/keys/nodekey","throwable":""}
{"timestamp":"2025-05-31T18:48:29,039","container":"4a4f7177a5cb","level":"WARN","thread":"main","class":"Besu","message":"Privacy is disabled. Cannot use EEA/PRIV API methods when not using Privacy.","throwable":""}
{"timestamp":"2025-05-31T18:48:29,659","container":"4a4f7177a5cb","level":"INFO","thread":"main","class":"ProtocolScheduleBuilder","message":"Protocol schedule created with milestones: [London: 0]","throwable":""}
{"timestamp":"2025-05-31T18:48:30,355","container":"4a4f7177a5cb","level":"INFO","thread":"main","class":"TransactionPoolFactory","message":"Enabling transaction pool","throwable":""}
{"timestamp":"2025-05-31T18:48:30,420","container":"4a4f7177a5cb","level":"INFO","thread":"main","class":"BesuControllerBuilder","message":"TTD difficulty is not present, creating initial sync phase for PoW","throwable":""}
{"timestamp":"2025-05-31T18:48:30,625","container":"4a4f7177a5cb","level":"INFO","thread":"main","class":"RunnerBuilder","message":"Detecting NAT service.","throwable":""}
{"timestamp":"2025-05-31T18:48:33,134","container":"4a4f7177a5cb","level":"INFO","thread":"main","class":"Runner","message":"Starting external services ... ","throwable":""}
{"timestamp":"2025-05-31T18:48:33,135","container":"4a4f7177a5cb","level":"INFO","thread":"main","class":"MetricsHttpService","message":"Starting metrics http service on 0.0.0.0:9545","throwable":""}
{"timestamp":"2025-05-31T18:48:33,495","container":"4a4f7177a5cb","level":"INFO","thread":"vert.x-eventloop-thread-1","class":"MetricsHttpService","message":"Metrics service started and listening on 0.0.0.0:9545","throwable":""}
{"timestamp":"2025-05-31T18:48:33,497","container":"4a4f7177a5cb","level":"INFO","thread":"main","class":"JsonRpcHttpService","message":"Starting JSON-RPC service on 0.0.0.0:8545","throwable":""}
{"timestamp":"2025-05-31T18:48:33,558","container":"4a4f7177a5cb","level":"INFO","thread":"vert.x-eventloop-thread-1","class":"JsonRpcHttpService","message":"JSON-RPC service started and listening on 0.0.0.0:8545","throwable":""}
{"timestamp":"2025-05-31T18:48:33,563","container":"4a4f7177a5cb","level":"INFO","thread":"main","class":"GraphQLHttpService","message":"Starting GraphQL HTTP service on 0.0.0.0:8547","throwable":""}
{"timestamp":"2025-05-31T18:48:33,571","container":"4a4f7177a5cb","level":"INFO","thread":"main","class":"WebSocketService","message":"Starting Websocket service on 0.0.0.0:8546","throwable":""}
{"timestamp":"2025-05-31T18:48:33,572","container":"4a4f7177a5cb","level":"INFO","thread":"vert.x-eventloop-thread-1","class":"GraphQLHttpService","message":"GraphQL HTTP service started and listening on 0.0.0.0:8547","throwable":""}
{"timestamp":"2025-05-31T18:48:33,579","container":"4a4f7177a5cb","level":"INFO","thread":"vert.x-eventloop-thread-1","class":"WebSocketService","message":"Websocket service started and listening on 0.0.0.0:8546","throwable":""}
{"timestamp":"2025-05-31T18:48:33,586","container":"4a4f7177a5cb","level":"INFO","thread":"main","class":"AutoTransactionLogBloomCachingService","message":"Starting auto transaction log bloom caching service.","throwable":""}
{"timestamp":"2025-05-31T18:48:33,588","container":"4a4f7177a5cb","level":"INFO","thread":"main","class":"LogBloomCacheMetadata","message":"Lookup cache metadata file in data directory: /opt/besu/data/caches","throwable":""}
{"timestamp":"2025-05-31T18:48:33,629","container":"4a4f7177a5cb","level":"INFO","thread":"main","class":"Runner","message":"Starting Ethereum main loop ... ","throwable":""}
{"timestamp":"2025-05-31T18:48:33,631","container":"4a4f7177a5cb","level":"INFO","thread":"main","class":"NatService","message":"No NAT environment detected so no service could be started","throwable":""}
{"timestamp":"2025-05-31T18:48:33,632","container":"4a4f7177a5cb","level":"INFO","thread":"main","class":"NetworkRunner","message":"Starting Network.","throwable":""}
{"timestamp":"2025-05-31T18:48:33,714","container":"4a4f7177a5cb","level":"INFO","thread":"nioEventLoopGroup-2-1","class":"RlpxAgent","message":"P2P RLPx agent started and listening on /[0:0:0:0:0:0:0:0]:30303.","throwable":""}
{"timestamp":"2025-05-31T18:48:33,723","container":"4a4f7177a5cb","level":"INFO","thread":"main","class":"PeerDiscoveryAgent","message":"Starting peer discovery agent on host=0.0.0.0, port=30303","throwable":""}
{"timestamp":"2025-05-31T18:48:33,800","container":"4a4f7177a5cb","level":"INFO","thread":"vert.x-eventloop-thread-1","class":"VertxPeerDiscoveryAgent","message":"Started peer discovery agent successfully, on effective host=0:0:0:0:0:0:0:0%0 and port=30303","throwable":""}
{"timestamp":"2025-05-31T18:48:33,804","container":"4a4f7177a5cb","level":"INFO","thread":"vert.x-eventloop-thread-1","class":"PeerDiscoveryAgent","message":"P2P peer discovery agent started and listening on /[0:0:0:0:0:0:0:0%0]:30303","throwable":""}
{"timestamp":"2025-05-31T18:48:34,028","container":"4a4f7177a5cb","level":"INFO","thread":"vert.x-eventloop-thread-1","class":"PeerDiscoveryAgent","message":"Writing node record to disk. NodeRecord{seq=1, publicKey=0x0259cf0c623c582fa9b19bdf70fb6bade07f4ae32218dd4d1c7e2c7e65acf87da4, udpAddress=Optional[/172.16.239.13:30303], tcpAddress=Optional[/172.16.239.13:30303], asBase64=-Je4QDkMkMXo41u-64EFHu8VT3p61VC3alqKYV7T7hhbi4F0a3kSwpF7vGzbJb6OykJbva2iuHKLdWJRjLSlL2K6a7gBg2V0aMfGhJAftr-AgmlkgnY0gmlwhKwQ7w2Jc2VjcDI1NmsxoQJZzwxiPFgvqbGb33D7a63gf0rjIhjdTRx-LH5lrPh9pIN0Y3CCdl-DdWRwgnZf, nodeId=0x2a2fe7f9e880372cfd2bda0cce412f988377e31f4d0ff12d74df73b51c42d0ca, customFields={tcp=30303, udp=30303, ip=0xac10ef0d, eth=[[0x901fb6bf, 0x]], id=V4, secp256k1=0x0259cf0c623c582fa9b19bdf70fb6bade07f4ae32218dd4d1c7e2c7e65acf87da4}}","throwable":""}
{"timestamp":"2025-05-31T18:48:34,161","container":"4a4f7177a5cb","level":"INFO","thread":"main","class":"DefaultP2PNetwork","message":"Enode URL enode://59cf0c623c582fa9b19bdf70fb6bade07f4ae32218dd4d1c7e2c7e65acf87da45cf2ab55d16d27360aafef17622c37c09db60d7680ebcc17b78867f4c05bcaa4@172.16.239.13:30303","throwable":""}
{"timestamp":"2025-05-31T18:48:34,170","container":"4a4f7177a5cb","level":"INFO","thread":"main","class":"DefaultP2PNetwork","message":"Node address 0xce412f988377e31f4d0ff12d74df73b51c42d0ca","throwable":""}
{"timestamp":"2025-05-31T18:48:34,336","container":"4a4f7177a5cb","level":"INFO","thread":"main","class":"NetworkRunner","message":"Supported capabilities: [eth/62, eth/63, eth/64, eth/65, eth/66, eth/67, eth/68], [snap/1]","throwable":""}
{"timestamp":"2025-05-31T18:48:34,340","container":"4a4f7177a5cb","level":"INFO","thread":"main","class":"DefaultSynchronizer","message":"Starting synchronizer.","throwable":""}
{"timestamp":"2025-05-31T18:48:34,361","container":"4a4f7177a5cb","level":"INFO","thread":"main","class":"TransactionPoolFactory","message":"Enabling transaction handling following initial sync","throwable":""}
{"timestamp":"2025-05-31T18:48:34,372","container":"4a4f7177a5cb","level":"INFO","thread":"main","class":"FullSyncDownloader","message":"Starting full sync.","throwable":""}
{"timestamp":"2025-05-31T18:48:34,376","container":"4a4f7177a5cb","level":"INFO","thread":"main","class":"FullSyncTargetManager","message":"Unable to find sync target. Currently checking 0 peers for usefulness","throwable":""}
{"timestamp":"2025-05-31T18:48:34,513","container":"4a4f7177a5cb","level":"INFO","thread":"main","class":"Runner","message":"Ethereum main loop is up.","throwable":""}
{"timestamp":"2025-05-31T18:48:35,427","container":"4a4f7177a5cb","level":"INFO","thread":"nioEventLoopGroup-3-4","class":"FullSyncTargetManager","message":"Unable to find sync target. Currently checking 4 peers for usefulness","throwable":""}
{"timestamp":"2025-05-31T18:48:49,074","container":"4a4f7177a5cb","level":"INFO","thread":"EthScheduler-Workers-0","class":"PersistBlockTask","message":"Imported #2 / 0 tx / 0 om / 0 (0.0%) gas / (0x53022bc736a46eef71013558b0953d3f9c39af3264b371eed11d025e9fab62e9) in 0.006s. Peers: 4","throwable":""}
{"timestamp":"2025-05-31T18:49:04,026","container":"4a4f7177a5cb","level":"INFO","thread":"EthScheduler-Workers-0","class":"PersistBlockTask","message":"Imported #3 / 0 tx / 0 om / 0 (0.0%) gas / (0x90c48c5659d7a388c74c8b39ad15503bb4c18da1f8bce5b24a63973dab6f93b4) in 0.007s. Peers: 4","throwable":""}
{"timestamp":"2025-05-31T18:49:19,018","container":"4a4f7177a5cb","level":"INFO","thread":"EthScheduler-Workers-0","class":"PersistBlockTask","message":"Imported #4 / 0 tx / 0 om / 0 (0.0%) gas / (0xf40196fcb6879d551de6d3de04f98d46bf3e67a72ea5da45fba094f853898afe) in 0.004s. Peers: 4","throwable":""}
{"timestamp":"2025-05-31T18:49:34,059","container":"4a4f7177a5cb","level":"INFO","thread":"EthScheduler-Workers-0","class":"PersistBlockTask","message":"Imported #5 / 0 tx / 0 om / 0 (0.0%) gas / (0x14f25f15d9f6b5df9b34e35d9e335c8e97097bd34cf243db71c26d6567b33135) in 0.023s. Peers: 4","throwable":""}
{"timestamp":"2025-05-31T18:49:49,012","container":"4a4f7177a5cb","level":"INFO","thread":"EthScheduler-Workers-0","class":"PersistBlockTask","message":"Imported #6 / 0 tx / 0 om / 0 (0.0%) gas / (0x4df81f46af2d0ba8c7f1025cd34fa6cc32f184a2bd7323d8f75ef6c6e5af0506) in 0.004s. Peers: 4","throwable":""}
{"timestamp":"2025-05-31T18:50:04,013","container":"4a4f7177a5cb","level":"INFO","thread":"EthScheduler-Workers-0","class":"PersistBlockTask","message":"Imported #7 / 0 tx / 0 om / 0 (0.0%) gas / (0xd635210c276f015e6206a905b874e29e6b55f91a03cfc721cf08cd4042b3b992) in 0.004s. Peers: 4","throwable":""}
{"timestamp":"2025-05-31T18:50:19,014","container":"4a4f7177a5cb","level":"INFO","thread":"EthScheduler-Workers-0","class":"PersistBlockTask","message":"Imported #8 / 0 tx / 0 om / 0 (0.0%) gas / (0xe4da9b1c311053e8ffa94e9bd89b97b5dd366e5fb81a9573444b2e069999edd4) in 0.005s. Peers: 4","throwable":""}
{"timestamp":"2025-05-31T18:50:34,015","container":"4a4f7177a5cb","level":"INFO","thread":"EthScheduler-Workers-0","class":"PersistBlockTask","message":"Imported #9 / 0 tx / 0 om / 0 (0.0%) gas / (0x1058807a8ee98b2e36871f36c5174f5eed1edf360d7927f63d9ec4e66f30eb6f) in 0.005s. Peers: 4","throwable":""}
{"timestamp":"2025-05-31T18:50:49,012","container":"4a4f7177a5cb","level":"INFO","thread":"EthScheduler-Workers-0","class":"PersistBlockTask","message":"Imported #10 / 0 tx / 0 om / 0 (0.0%) gas / (0xeaa4d8cbd5dfc98c9c29f867cf9c2afd3702bed4589673d1460da8ebcb5463df) in 0.004s. Peers: 4","throwable":""}
{"timestamp":"2025-05-31T18:51:04,014","container":"4a4f7177a5cb","level":"INFO","thread":"EthScheduler-Workers-0","class":"PersistBlockTask","message":"Imported #11 / 0 tx / 0 om / 0 (0.0%) gas / (0x8ac8a27fe1b5aaca51bcf5974740269ed16de3308da72940c89ee2fc1895c8d2) in 0.004s. Peers: 4","throwable":""}
{"timestamp":"2025-05-31T18:51:19,010","container":"4a4f7177a5cb","level":"INFO","thread":"EthScheduler-Workers-0","class":"PersistBlockTask","message":"Imported #12 / 0 tx / 0 om / 0 (0.0%) gas / (0x1bf81e009e54d24cc955889f1d90996e15f78e4c91ba711437fbd3be5f65d592) in 0.003s. Peers: 4","throwable":""}
{"timestamp":"2025-05-31T18:51:34,013","container":"4a4f7177a5cb","level":"INFO","thread":"EthScheduler-Workers-0","class":"PersistBlockTask","message":"Imported #13 / 0 tx / 0 om / 0 (0.0%) gas / (0x8b0f2ff19e901ccc5216e29ffced3492ec72a1b92dad259bb95da49ac4bd3699) in 0.003s. Peers: 4","throwable":""}
{"timestamp":"2025-05-31T18:51:49,012","container":"4a4f7177a5cb","level":"INFO","thread":"EthScheduler-Workers-0","class":"PersistBlockTask","message":"Imported #14 / 0 tx / 0 om / 0 (0.0%) gas / (0xdd3c5cbeab10383fdf99920681e02a1e9c8ed46a59a6b5b1fe5f6cf5f792bfa3) in 0.004s. Peers: 4","throwable":""}
{"timestamp":"2025-05-31T18:52:04,012","container":"4a4f7177a5cb","level":"INFO","thread":"EthScheduler-Workers-0","class":"PersistBlockTask","message":"Imported #15 / 0 tx / 0 om / 0 (0.0%) gas / (0xebed99c6e6e9e6fc029d5c771cf2b5162ee8766ade7c4421ccd94693bc270b3c) in 0.005s. Peers: 4","throwable":""}
