{"timestamp":"2025-05-31T18:48:23,578","container":"3415e9c30c70","level":"INFO","thread":"main","class":"Besu","message":"Starting Besu","throwable":""}
{"timestamp":"2025-05-31T18:48:24,804","container":"3415e9c30c70","level":"WARN","thread":"main","class":"Besu","message":"--min-gas-price has been ignored because --miner-enabled was not defined on the command line.","throwable":""}
{"timestamp":"2025-05-31T18:48:26,602","container":"3415e9c30c70","level":"INFO","thread":"main","class":"Besu","message":"
####################################################################################################
#                                                                                                  #
# Besu version 23.4.1                                                                              #
#                                                                                                  #
# Configuration:                                                                                   #
# Network: Custom genesis file specified                                                           #
# Network Id: 1337                                                                                 #
# Data storage: Forest                                                                             #
# Sync mode: Full                                                                                  #
# RPC HTTP APIs: EEA,WEB3,ETH,NET,TRACE,DEBUG,ADMIN,TXPOOL,PERM,CLIQUE                             #
# RPC HTTP port: 8545                                                                              #
#                                                                                                  #
# Host:                                                                                            #
# Java: openjdk-java-17                                                                            #
# Maximum heap size: 1.78 GB                                                                       #
# OS: linux-x86_64                                                                                 #
# glibc: 2.35                                                                                      #
# jemalloc: 5.2.1-0-gea6b3e973b477b8061e0076bb257dbd7f3faa756                                      #
# Total memory: 7.11 GB                                                                            #
# CPU cores: 16                                                                                    #
#                                                                                                  #
####################################################################################################","throwable":""}
{"timestamp":"2025-05-31T18:48:26,603","container":"3415e9c30c70","level":"INFO","thread":"main","class":"Besu","message":"Connecting to 8 static nodes.","throwable":""}
{"timestamp":"2025-05-31T18:48:26,604","container":"3415e9c30c70","level":"INFO","thread":"main","class":"Besu","message":"Security Module: localfile","throwable":""}
{"timestamp":"2025-05-31T18:48:26,734","container":"3415e9c30c70","level":"INFO","thread":"main","class":"Besu","message":"Using the native implementation of alt bn128","throwable":""}
{"timestamp":"2025-05-31T18:48:26,784","container":"3415e9c30c70","level":"INFO","thread":"main","class":"Besu","message":"Using the native implementation of modexp","throwable":""}
{"timestamp":"2025-05-31T18:48:26,785","container":"3415e9c30c70","level":"INFO","thread":"main","class":"Besu","message":"Using the native implementation of the signature algorithm","throwable":""}
{"timestamp":"2025-05-31T18:48:26,796","container":"3415e9c30c70","level":"INFO","thread":"main","class":"Besu","message":"Using the native implementation of the blake2bf algorithm","throwable":""}
{"timestamp":"2025-05-31T18:48:26,835","container":"3415e9c30c70","level":"INFO","thread":"main","class":"RocksDBKeyValueStorageFactory","message":"No existing database detected at /opt/besu/data. Using version 1","throwable":""}
{"timestamp":"2025-05-31T18:48:28,990","container":"3415e9c30c70","level":"INFO","thread":"main","class":"KeyPairUtil","message":"Loaded public key 0x86fcc16f4730fbfd238dc17ea552854c0943923bb1d5e886e5601b8d884fb0519060e0023f495dd24ffe60a65660fb7fdcdebfceedd2b3673dfa63658825924b from /opt/besu/keys/nodekey","throwable":""}
{"timestamp":"2025-05-31T18:48:29,016","container":"3415e9c30c70","level":"WARN","thread":"main","class":"Besu","message":"Privacy is disabled. Cannot use EEA/PRIV API methods when not using Privacy.","throwable":""}
{"timestamp":"2025-05-31T18:48:29,644","container":"3415e9c30c70","level":"INFO","thread":"main","class":"ProtocolScheduleBuilder","message":"Protocol schedule created with milestones: [London: 0]","throwable":""}
{"timestamp":"2025-05-31T18:48:30,112","container":"3415e9c30c70","level":"INFO","thread":"main","class":"TransactionPoolFactory","message":"Enabling transaction pool","throwable":""}
{"timestamp":"2025-05-31T18:48:30,172","container":"3415e9c30c70","level":"INFO","thread":"main","class":"BesuControllerBuilder","message":"TTD difficulty is not present, creating initial sync phase for PoW","throwable":""}
{"timestamp":"2025-05-31T18:48:30,316","container":"3415e9c30c70","level":"INFO","thread":"main","class":"RunnerBuilder","message":"Detecting NAT service.","throwable":""}
{"timestamp":"2025-05-31T18:48:32,635","container":"3415e9c30c70","level":"INFO","thread":"main","class":"Runner","message":"Starting external services ... ","throwable":""}
{"timestamp":"2025-05-31T18:48:32,639","container":"3415e9c30c70","level":"INFO","thread":"main","class":"MetricsHttpService","message":"Starting metrics http service on 0.0.0.0:9545","throwable":""}
{"timestamp":"2025-05-31T18:48:33,046","container":"3415e9c30c70","level":"INFO","thread":"vert.x-eventloop-thread-1","class":"MetricsHttpService","message":"Metrics service started and listening on 0.0.0.0:9545","throwable":""}
{"timestamp":"2025-05-31T18:48:33,050","container":"3415e9c30c70","level":"INFO","thread":"main","class":"JsonRpcHttpService","message":"Starting JSON-RPC service on 0.0.0.0:8545","throwable":""}
{"timestamp":"2025-05-31T18:48:33,100","container":"3415e9c30c70","level":"INFO","thread":"vert.x-eventloop-thread-1","class":"JsonRpcHttpService","message":"JSON-RPC service started and listening on 0.0.0.0:8545","throwable":""}
{"timestamp":"2025-05-31T18:48:33,104","container":"3415e9c30c70","level":"INFO","thread":"main","class":"GraphQLHttpService","message":"Starting GraphQL HTTP service on 0.0.0.0:8547","throwable":""}
{"timestamp":"2025-05-31T18:48:33,112","container":"3415e9c30c70","level":"INFO","thread":"vert.x-eventloop-thread-1","class":"GraphQLHttpService","message":"GraphQL HTTP service started and listening on 0.0.0.0:8547","throwable":""}
{"timestamp":"2025-05-31T18:48:33,114","container":"3415e9c30c70","level":"INFO","thread":"main","class":"WebSocketService","message":"Starting Websocket service on 0.0.0.0:8546","throwable":""}
{"timestamp":"2025-05-31T18:48:33,121","container":"3415e9c30c70","level":"INFO","thread":"vert.x-eventloop-thread-1","class":"WebSocketService","message":"Websocket service started and listening on 0.0.0.0:8546","throwable":""}
{"timestamp":"2025-05-31T18:48:33,127","container":"3415e9c30c70","level":"INFO","thread":"main","class":"AutoTransactionLogBloomCachingService","message":"Starting auto transaction log bloom caching service.","throwable":""}
{"timestamp":"2025-05-31T18:48:33,129","container":"3415e9c30c70","level":"INFO","thread":"main","class":"LogBloomCacheMetadata","message":"Lookup cache metadata file in data directory: /opt/besu/data/caches","throwable":""}
{"timestamp":"2025-05-31T18:48:33,164","container":"3415e9c30c70","level":"INFO","thread":"main","class":"Runner","message":"Starting Ethereum main loop ... ","throwable":""}
{"timestamp":"2025-05-31T18:48:33,165","container":"3415e9c30c70","level":"INFO","thread":"main","class":"NatService","message":"No NAT environment detected so no service could be started","throwable":""}
{"timestamp":"2025-05-31T18:48:33,166","container":"3415e9c30c70","level":"INFO","thread":"main","class":"NetworkRunner","message":"Starting Network.","throwable":""}
{"timestamp":"2025-05-31T18:48:33,219","container":"3415e9c30c70","level":"INFO","thread":"nioEventLoopGroup-2-1","class":"RlpxAgent","message":"P2P RLPx agent started and listening on /[0:0:0:0:0:0:0:0]:30303.","throwable":""}
{"timestamp":"2025-05-31T18:48:33,226","container":"3415e9c30c70","level":"INFO","thread":"main","class":"PeerDiscoveryAgent","message":"Starting peer discovery agent on host=0.0.0.0, port=30303","throwable":""}
{"timestamp":"2025-05-31T18:48:33,301","container":"3415e9c30c70","level":"INFO","thread":"vert.x-eventloop-thread-1","class":"VertxPeerDiscoveryAgent","message":"Started peer discovery agent successfully, on effective host=0:0:0:0:0:0:0:0%0 and port=30303","throwable":""}
{"timestamp":"2025-05-31T18:48:33,304","container":"3415e9c30c70","level":"INFO","thread":"vert.x-eventloop-thread-1","class":"PeerDiscoveryAgent","message":"P2P peer discovery agent started and listening on /[0:0:0:0:0:0:0:0%0]:30303","throwable":""}
{"timestamp":"2025-05-31T18:48:33,471","container":"3415e9c30c70","level":"INFO","thread":"vert.x-eventloop-thread-1","class":"PeerDiscoveryAgent","message":"Writing node record to disk. NodeRecord{seq=1, publicKey=0x0386fcc16f4730fbfd238dc17ea552854c0943923bb1d5e886e5601b8d884fb051, udpAddress=Optional[/172.16.239.15:30303], tcpAddress=Optional[/172.16.239.15:30303], asBase64=-Je4QNkwtrbSKnU5ontQ_2g1uwNmt6C9Z_7kIfIG9BrClN4leoSk2l_Qm7SNB9KqgZ8Wh1X0RLKQcxEQ3IioHtjrQFIBg2V0aMfGhJAftr-AgmlkgnY0gmlwhKwQ7w-Jc2VjcDI1NmsxoQOG_MFvRzD7_SONwX6lUoVMCUOSO7HV6IblYBuNiE-wUYN0Y3CCdl-DdWRwgnZf, nodeId=0x133b4f32d7750cdfd4048f04df8b560be949c229c821731554c33ead5e3888a4, customFields={tcp=30303, udp=30303, ip=0xac10ef0f, eth=[[0x901fb6bf, 0x]], id=V4, secp256k1=0x0386fcc16f4730fbfd238dc17ea552854c0943923bb1d5e886e5601b8d884fb051}}","throwable":""}
{"timestamp":"2025-05-31T18:48:33,748","container":"3415e9c30c70","level":"INFO","thread":"main","class":"DefaultP2PNetwork","message":"Enode URL enode://86fcc16f4730fbfd238dc17ea552854c0943923bb1d5e886e5601b8d884fb0519060e0023f495dd24ffe60a65660fb7fdcdebfceedd2b3673dfa63658825924b@172.16.239.15:30303","throwable":""}
{"timestamp":"2025-05-31T18:48:33,755","container":"3415e9c30c70","level":"INFO","thread":"main","class":"DefaultP2PNetwork","message":"Node address 0xdf8b560be949c229c821731554c33ead5e3888a4","throwable":""}
{"timestamp":"2025-05-31T18:48:34,068","container":"3415e9c30c70","level":"INFO","thread":"main","class":"NetworkRunner","message":"Supported capabilities: [eth/62, eth/63, eth/64, eth/65, eth/66, eth/67, eth/68], [snap/1]","throwable":""}
{"timestamp":"2025-05-31T18:48:34,078","container":"3415e9c30c70","level":"INFO","thread":"main","class":"DefaultSynchronizer","message":"Starting synchronizer.","throwable":""}
{"timestamp":"2025-05-31T18:48:34,102","container":"3415e9c30c70","level":"INFO","thread":"main","class":"TransactionPoolFactory","message":"Enabling transaction handling following initial sync","throwable":""}
{"timestamp":"2025-05-31T18:48:34,116","container":"3415e9c30c70","level":"INFO","thread":"main","class":"FullSyncDownloader","message":"Starting full sync.","throwable":""}
{"timestamp":"2025-05-31T18:48:34,124","container":"3415e9c30c70","level":"INFO","thread":"main","class":"FullSyncTargetManager","message":"Unable to find sync target. Currently checking 0 peers for usefulness","throwable":""}
{"timestamp":"2025-05-31T18:48:34,200","container":"3415e9c30c70","level":"INFO","thread":"main","class":"Runner","message":"Ethereum main loop is up.","throwable":""}
{"timestamp":"2025-05-31T18:48:35,057","container":"3415e9c30c70","level":"INFO","thread":"nioEventLoopGroup-3-6","class":"FullSyncTargetManager","message":"Unable to find sync target. Currently checking 3 peers for usefulness","throwable":""}
{"timestamp":"2025-05-31T18:48:49,093","container":"3415e9c30c70","level":"INFO","thread":"EthScheduler-Workers-0","class":"PersistBlockTask","message":"Imported #2 / 0 tx / 0 om / 0 (0.0%) gas / (0x53022bc736a46eef71013558b0953d3f9c39af3264b371eed11d025e9fab62e9) in 0.022s. Peers: 4","throwable":""}
{"timestamp":"2025-05-31T18:49:04,031","container":"3415e9c30c70","level":"INFO","thread":"EthScheduler-Workers-0","class":"PersistBlockTask","message":"Imported #3 / 0 tx / 0 om / 0 (0.0%) gas / (0x90c48c5659d7a388c74c8b39ad15503bb4c18da1f8bce5b24a63973dab6f93b4) in 0.005s. Peers: 4","throwable":""}
{"timestamp":"2025-05-31T18:49:19,018","container":"3415e9c30c70","level":"INFO","thread":"EthScheduler-Workers-0","class":"PersistBlockTask","message":"Imported #4 / 0 tx / 0 om / 0 (0.0%) gas / (0xf40196fcb6879d551de6d3de04f98d46bf3e67a72ea5da45fba094f853898afe) in 0.005s. Peers: 4","throwable":""}
{"timestamp":"2025-05-31T18:49:34,057","container":"3415e9c30c70","level":"INFO","thread":"EthScheduler-Workers-0","class":"PersistBlockTask","message":"Imported #5 / 0 tx / 0 om / 0 (0.0%) gas / (0x14f25f15d9f6b5df9b34e35d9e335c8e97097bd34cf243db71c26d6567b33135) in 0.028s. Peers: 4","throwable":""}
{"timestamp":"2025-05-31T18:49:49,012","container":"3415e9c30c70","level":"INFO","thread":"EthScheduler-Workers-0","class":"PersistBlockTask","message":"Imported #6 / 0 tx / 0 om / 0 (0.0%) gas / (0x4df81f46af2d0ba8c7f1025cd34fa6cc32f184a2bd7323d8f75ef6c6e5af0506) in 0.003s. Peers: 4","throwable":""}
{"timestamp":"2025-05-31T18:50:04,011","container":"3415e9c30c70","level":"INFO","thread":"EthScheduler-Workers-0","class":"PersistBlockTask","message":"Imported #7 / 0 tx / 0 om / 0 (0.0%) gas / (0xd635210c276f015e6206a905b874e29e6b55f91a03cfc721cf08cd4042b3b992) in 0.003s. Peers: 4","throwable":""}
{"timestamp":"2025-05-31T18:50:19,016","container":"3415e9c30c70","level":"INFO","thread":"EthScheduler-Workers-0","class":"PersistBlockTask","message":"Imported #8 / 0 tx / 0 om / 0 (0.0%) gas / (0xe4da9b1c311053e8ffa94e9bd89b97b5dd366e5fb81a9573444b2e069999edd4) in 0.004s. Peers: 4","throwable":""}
{"timestamp":"2025-05-31T18:50:34,011","container":"3415e9c30c70","level":"INFO","thread":"EthScheduler-Workers-0","class":"PersistBlockTask","message":"Imported #9 / 0 tx / 0 om / 0 (0.0%) gas / (0x1058807a8ee98b2e36871f36c5174f5eed1edf360d7927f63d9ec4e66f30eb6f) in 0.003s. Peers: 4","throwable":""}
{"timestamp":"2025-05-31T18:50:49,009","container":"3415e9c30c70","level":"INFO","thread":"EthScheduler-Workers-0","class":"PersistBlockTask","message":"Imported #10 / 0 tx / 0 om / 0 (0.0%) gas / (0xeaa4d8cbd5dfc98c9c29f867cf9c2afd3702bed4589673d1460da8ebcb5463df) in 0.002s. Peers: 4","throwable":""}
{"timestamp":"2025-05-31T18:51:04,011","container":"3415e9c30c70","level":"INFO","thread":"EthScheduler-Workers-0","class":"PersistBlockTask","message":"Imported #11 / 0 tx / 0 om / 0 (0.0%) gas / (0x8ac8a27fe1b5aaca51bcf5974740269ed16de3308da72940c89ee2fc1895c8d2) in 0.002s. Peers: 4","throwable":""}
{"timestamp":"2025-05-31T18:51:19,010","container":"3415e9c30c70","level":"INFO","thread":"EthScheduler-Workers-0","class":"PersistBlockTask","message":"Imported #12 / 0 tx / 0 om / 0 (0.0%) gas / (0x1bf81e009e54d24cc955889f1d90996e15f78e4c91ba711437fbd3be5f65d592) in 0.002s. Peers: 4","throwable":""}
{"timestamp":"2025-05-31T18:51:34,011","container":"3415e9c30c70","level":"INFO","thread":"EthScheduler-Workers-0","class":"PersistBlockTask","message":"Imported #13 / 0 tx / 0 om / 0 (0.0%) gas / (0x8b0f2ff19e901ccc5216e29ffced3492ec72a1b92dad259bb95da49ac4bd3699) in 0.002s. Peers: 4","throwable":""}
{"timestamp":"2025-05-31T18:51:49,009","container":"3415e9c30c70","level":"INFO","thread":"EthScheduler-Workers-0","class":"PersistBlockTask","message":"Imported #14 / 0 tx / 0 om / 0 (0.0%) gas / (0xdd3c5cbeab10383fdf99920681e02a1e9c8ed46a59a6b5b1fe5f6cf5f792bfa3) in 0.002s. Peers: 4","throwable":""}
{"timestamp":"2025-05-31T18:52:04,008","container":"3415e9c30c70","level":"INFO","thread":"EthScheduler-Workers-0","class":"PersistBlockTask","message":"Imported #15 / 0 tx / 0 om / 0 (0.0%) gas / (0xebed99c6e6e9e6fc029d5c771cf2b5162ee8766ade7c4421ccd94693bc270b3c) in 0.002s. Peers: 4","throwable":""}
