{"timestamp":"2025-05-26T01:14:14,581","container":"946a4fdc6a91","level":"INFO","thread":"main","class":"Besu","message":"Starting Besu","throwable":""}
{"timestamp":"2025-05-26T01:14:15,997","container":"946a4fdc6a91","level":"WARN","thread":"main","class":"Besu","message":"--min-gas-price has been ignored because --miner-enabled was not defined on the command line.","throwable":""}
{"timestamp":"2025-05-26T01:14:17,425","container":"946a4fdc6a91","level":"INFO","thread":"main","class":"Besu","message":"
####################################################################################################
#                                                                                                  #
# Besu version 23.4.1                                                                              #
#                                                                                                  #
# Configuration:                                                                                   #
# Network: Custom genesis file specified                                                           #
# Network Id: 1337                                                                                 #
# Data storage: Forest                                                                             #
# Sync mode: Full                                                                                  #
# RPC HTTP APIs: EEA,WEB3,ETH,NET,TRACE,DEBUG,ADMIN,TXPOOL,PERM,QBFT                               #
# RPC HTTP port: 8545                                                                              #
#                                                                                                  #
# Host:                                                                                            #
# Java: openjdk-java-17                                                                            #
# Maximum heap size: 1.78 GB                                                                       #
# OS: linux-x86_64                                                                                 #
# glibc: 2.35                                                                                      #
# jemalloc: 5.2.1-0-gea6b3e973b477b8061e0076bb257dbd7f3faa756                                      #
# Total memory: 7.11 GB                                                                            #
# CPU cores: 16                                                                                    #
#                                                                                                  #
####################################################################################################","throwable":""}
{"timestamp":"2025-05-26T01:14:17,426","container":"946a4fdc6a91","level":"INFO","thread":"main","class":"Besu","message":"Connecting to 8 static nodes.","throwable":""}
{"timestamp":"2025-05-26T01:14:17,426","container":"946a4fdc6a91","level":"INFO","thread":"main","class":"Besu","message":"Security Module: localfile","throwable":""}
{"timestamp":"2025-05-26T01:14:17,509","container":"946a4fdc6a91","level":"INFO","thread":"main","class":"Besu","message":"Using the native implementation of alt bn128","throwable":""}
{"timestamp":"2025-05-26T01:14:17,564","container":"946a4fdc6a91","level":"INFO","thread":"main","class":"Besu","message":"Using the native implementation of modexp","throwable":""}
{"timestamp":"2025-05-26T01:14:17,565","container":"946a4fdc6a91","level":"INFO","thread":"main","class":"Besu","message":"Using the native implementation of the signature algorithm","throwable":""}
{"timestamp":"2025-05-26T01:14:17,571","container":"946a4fdc6a91","level":"INFO","thread":"main","class":"Besu","message":"Using the native implementation of the blake2bf algorithm","throwable":""}
{"timestamp":"2025-05-26T01:14:17,622","container":"946a4fdc6a91","level":"INFO","thread":"main","class":"RocksDBKeyValueStorageFactory","message":"No existing database detected at /opt/besu/data. Using version 1","throwable":""}
{"timestamp":"2025-05-26T01:14:19,419","container":"946a4fdc6a91","level":"INFO","thread":"main","class":"KeyPairUtil","message":"Loaded public key 0x86fcc16f4730fbfd238dc17ea552854c0943923bb1d5e886e5601b8d884fb0519060e0023f495dd24ffe60a65660fb7fdcdebfceedd2b3673dfa63658825924b from /opt/besu/keys/nodekey","throwable":""}
{"timestamp":"2025-05-26T01:14:19,453","container":"946a4fdc6a91","level":"WARN","thread":"main","class":"Besu","message":"Privacy is disabled. Cannot use EEA/PRIV API methods when not using Privacy.","throwable":""}
{"timestamp":"2025-05-26T01:14:20,026","container":"946a4fdc6a91","level":"INFO","thread":"main","class":"ProtocolScheduleBuilder","message":"Protocol schedule created with milestones: [GrayGlacier: 0]","throwable":""}
{"timestamp":"2025-05-26T01:14:20,584","container":"946a4fdc6a91","level":"INFO","thread":"main","class":"TransactionPoolFactory","message":"Enabling transaction pool","throwable":""}
{"timestamp":"2025-05-26T01:14:20,633","container":"946a4fdc6a91","level":"INFO","thread":"main","class":"BesuControllerBuilder","message":"TTD difficulty is not present, creating initial sync phase for PoW","throwable":""}
{"timestamp":"2025-05-26T01:14:20,791","container":"946a4fdc6a91","level":"INFO","thread":"main","class":"RunnerBuilder","message":"Detecting NAT service.","throwable":""}
{"timestamp":"2025-05-26T01:14:22,814","container":"946a4fdc6a91","level":"INFO","thread":"main","class":"Runner","message":"Starting external services ... ","throwable":""}
{"timestamp":"2025-05-26T01:14:22,816","container":"946a4fdc6a91","level":"INFO","thread":"main","class":"MetricsHttpService","message":"Starting metrics http service on 0.0.0.0:9545","throwable":""}
{"timestamp":"2025-05-26T01:14:23,215","container":"946a4fdc6a91","level":"INFO","thread":"vert.x-eventloop-thread-1","class":"MetricsHttpService","message":"Metrics service started and listening on 0.0.0.0:9545","throwable":""}
{"timestamp":"2025-05-26T01:14:23,217","container":"946a4fdc6a91","level":"INFO","thread":"main","class":"JsonRpcHttpService","message":"Starting JSON-RPC service on 0.0.0.0:8545","throwable":""}
{"timestamp":"2025-05-26T01:14:23,301","container":"946a4fdc6a91","level":"INFO","thread":"vert.x-eventloop-thread-1","class":"JsonRpcHttpService","message":"JSON-RPC service started and listening on 0.0.0.0:8545","throwable":""}
{"timestamp":"2025-05-26T01:14:23,305","container":"946a4fdc6a91","level":"INFO","thread":"main","class":"GraphQLHttpService","message":"Starting GraphQL HTTP service on 0.0.0.0:8547","throwable":""}
{"timestamp":"2025-05-26T01:14:23,320","container":"946a4fdc6a91","level":"INFO","thread":"vert.x-eventloop-thread-1","class":"GraphQLHttpService","message":"GraphQL HTTP service started and listening on 0.0.0.0:8547","throwable":""}
{"timestamp":"2025-05-26T01:14:23,323","container":"946a4fdc6a91","level":"INFO","thread":"main","class":"WebSocketService","message":"Starting Websocket service on 0.0.0.0:8546","throwable":""}
{"timestamp":"2025-05-26T01:14:23,331","container":"946a4fdc6a91","level":"INFO","thread":"vert.x-eventloop-thread-1","class":"WebSocketService","message":"Websocket service started and listening on 0.0.0.0:8546","throwable":""}
{"timestamp":"2025-05-26T01:14:23,341","container":"946a4fdc6a91","level":"INFO","thread":"main","class":"AutoTransactionLogBloomCachingService","message":"Starting auto transaction log bloom caching service.","throwable":""}
{"timestamp":"2025-05-26T01:14:23,347","container":"946a4fdc6a91","level":"INFO","thread":"main","class":"LogBloomCacheMetadata","message":"Lookup cache metadata file in data directory: /opt/besu/data/caches","throwable":""}
{"timestamp":"2025-05-26T01:14:23,411","container":"946a4fdc6a91","level":"INFO","thread":"main","class":"Runner","message":"Starting Ethereum main loop ... ","throwable":""}
{"timestamp":"2025-05-26T01:14:23,412","container":"946a4fdc6a91","level":"INFO","thread":"main","class":"NatService","message":"No NAT environment detected so no service could be started","throwable":""}
{"timestamp":"2025-05-26T01:14:23,414","container":"946a4fdc6a91","level":"INFO","thread":"main","class":"NetworkRunner","message":"Starting Network.","throwable":""}
{"timestamp":"2025-05-26T01:14:23,460","container":"946a4fdc6a91","level":"INFO","thread":"nioEventLoopGroup-2-1","class":"RlpxAgent","message":"P2P RLPx agent started and listening on /[0:0:0:0:0:0:0:0]:30303.","throwable":""}
{"timestamp":"2025-05-26T01:14:23,469","container":"946a4fdc6a91","level":"INFO","thread":"main","class":"PeerDiscoveryAgent","message":"Starting peer discovery agent on host=0.0.0.0, port=30303","throwable":""}
{"timestamp":"2025-05-26T01:14:23,545","container":"946a4fdc6a91","level":"INFO","thread":"vert.x-eventloop-thread-1","class":"VertxPeerDiscoveryAgent","message":"Started peer discovery agent successfully, on effective host=0:0:0:0:0:0:0:0%0 and port=30303","throwable":""}
{"timestamp":"2025-05-26T01:14:23,548","container":"946a4fdc6a91","level":"INFO","thread":"main","class":"PeerDiscoveryAgent","message":"P2P peer discovery agent started and listening on /[0:0:0:0:0:0:0:0%0]:30303","throwable":""}
{"timestamp":"2025-05-26T01:14:23,710","container":"946a4fdc6a91","level":"INFO","thread":"main","class":"PeerDiscoveryAgent","message":"Writing node record to disk. NodeRecord{seq=1, publicKey=0x0386fcc16f4730fbfd238dc17ea552854c0943923bb1d5e886e5601b8d884fb051, udpAddress=Optional[/172.16.239.15:30303], tcpAddress=Optional[/172.16.239.15:30303], asBase64=-Je4QKF-N5uOU5SbmSpnG_Wuf0Bm0-A_V5mbDPc1oL37c0bTa3eTx0KPMXbaJMsvValI2s11D-Jzmqd4CEJwXEXaLtgBg2V0aMfGhMw13_-AgmlkgnY0gmlwhKwQ7w-Jc2VjcDI1NmsxoQOG_MFvRzD7_SONwX6lUoVMCUOSO7HV6IblYBuNiE-wUYN0Y3CCdl-DdWRwgnZf, nodeId=0x133b4f32d7750cdfd4048f04df8b560be949c229c821731554c33ead5e3888a4, customFields={tcp=30303, udp=30303, ip=0xac10ef0f, eth=[[0xcc35dfff, 0x]], id=V4, secp256k1=0x0386fcc16f4730fbfd238dc17ea552854c0943923bb1d5e886e5601b8d884fb051}}","throwable":""}
{"timestamp":"2025-05-26T01:14:23,948","container":"946a4fdc6a91","level":"INFO","thread":"main","class":"DefaultP2PNetwork","message":"Enode URL enode://86fcc16f4730fbfd238dc17ea552854c0943923bb1d5e886e5601b8d884fb0519060e0023f495dd24ffe60a65660fb7fdcdebfceedd2b3673dfa63658825924b@172.16.239.15:30303","throwable":""}
{"timestamp":"2025-05-26T01:14:23,949","container":"946a4fdc6a91","level":"INFO","thread":"main","class":"DefaultP2PNetwork","message":"Node address 0xdf8b560be949c229c821731554c33ead5e3888a4","throwable":""}
{"timestamp":"2025-05-26T01:14:24,175","container":"946a4fdc6a91","level":"INFO","thread":"main","class":"NetworkRunner","message":"Supported capabilities: [eth/62, eth/63, eth/64, eth/65, eth/66, eth/67, eth/68], [istanbul/100], [snap/1]","throwable":""}
{"timestamp":"2025-05-26T01:14:24,181","container":"946a4fdc6a91","level":"INFO","thread":"main","class":"DefaultSynchronizer","message":"Starting synchronizer.","throwable":""}
{"timestamp":"2025-05-26T01:14:24,199","container":"946a4fdc6a91","level":"INFO","thread":"main","class":"TransactionPoolFactory","message":"Enabling transaction handling following initial sync","throwable":""}
{"timestamp":"2025-05-26T01:14:24,206","container":"946a4fdc6a91","level":"INFO","thread":"main","class":"FullSyncDownloader","message":"Starting full sync.","throwable":""}
{"timestamp":"2025-05-26T01:14:24,209","container":"946a4fdc6a91","level":"INFO","thread":"main","class":"FullSyncTargetManager","message":"Unable to find sync target. Currently checking 0 peers for usefulness","throwable":""}
{"timestamp":"2025-05-26T01:14:24,536","container":"946a4fdc6a91","level":"INFO","thread":"main","class":"Runner","message":"Ethereum main loop is up.","throwable":""}
{"timestamp":"2025-05-26T01:14:25,216","container":"946a4fdc6a91","level":"INFO","thread":"nioEventLoopGroup-3-8","class":"FullSyncTargetManager","message":"Unable to find sync target. Currently checking 2 peers for usefulness","throwable":""}
{"timestamp":"2025-05-26T01:14:25,267","container":"946a4fdc6a91","level":"INFO","thread":"nioEventLoopGroup-3-9","class":"FullSyncTargetManager","message":"Unable to find sync target. Currently checking 3 peers for usefulness","throwable":""}
{"timestamp":"2025-05-26T01:14:25,668","container":"946a4fdc6a91","level":"INFO","thread":"nioEventLoopGroup-3-3","class":"FullSyncTargetManager","message":"Unable to find sync target. Currently checking 4 peers for usefulness","throwable":""}
{"timestamp":"2025-05-26T01:14:30,675","container":"946a4fdc6a91","level":"INFO","thread":"EthScheduler-Timer-0","class":"FullSyncTargetManager","message":"Unable to find sync target. Currently checking 4 peers for usefulness","throwable":""}
{"timestamp":"2025-05-26T01:14:34,934","container":"946a4fdc6a91","level":"INFO","thread":"EthScheduler-Workers-0","class":"PersistBlockTask","message":"Imported #1 / 0 tx / 0 om / 0 (0.0%) gas / (0x3e8d62913d92e49f14e1644ac7eb77d7168426ac2eb8f7e84b5c5f6538a7235a) in 0.033s. Peers: 4","throwable":""}
{"timestamp":"2025-05-26T01:14:35,677","container":"946a4fdc6a91","level":"INFO","thread":"EthScheduler-Timer-0","class":"FullSyncTargetManager","message":"Unable to find sync target. Currently checking 4 peers for usefulness","throwable":""}
{"timestamp":"2025-05-26T01:14:39,126","container":"946a4fdc6a91","level":"INFO","thread":"EthScheduler-Workers-0","class":"PersistBlockTask","message":"Imported #2 / 0 tx / 0 om / 0 (0.0%) gas / (0xc50627cad676a67529d063872c3c427eeff1adc79069b9c4d76de9a9d1e02cb8) in 0.011s. Peers: 4","throwable":""}
{"timestamp":"2025-05-26T01:14:44,088","container":"946a4fdc6a91","level":"INFO","thread":"EthScheduler-Workers-0","class":"PersistBlockTask","message":"Imported #3 / 0 tx / 0 om / 0 (0.0%) gas / (0x83c839578fdd281155ab1c9945c80d7e731aa9a54df9a550e23f01e8a0a5e2e7) in 0.006s. Peers: 4","throwable":""}
{"timestamp":"2025-05-26T01:14:49,084","container":"946a4fdc6a91","level":"INFO","thread":"EthScheduler-Workers-0","class":"PersistBlockTask","message":"Imported #4 / 0 tx / 0 om / 0 (0.0%) gas / (0x6dd6f8f27d114c2e54ee7debfd88dd54cde4bbfe41ef447961a4ed1363031d14) in 0.017s. Peers: 4","throwable":""}
{"timestamp":"2025-05-26T01:14:54,113","container":"946a4fdc6a91","level":"INFO","thread":"EthScheduler-Workers-0","class":"PersistBlockTask","message":"Imported #5 / 0 tx / 0 om / 0 (0.0%) gas / (0x51c169247fb9d26d895259b50f859a53cb1cefed2ae4c63cc324e0abc083d783) in 0.008s. Peers: 4","throwable":""}
{"timestamp":"2025-05-26T01:14:59,057","container":"946a4fdc6a91","level":"INFO","thread":"EthScheduler-Workers-0","class":"PersistBlockTask","message":"Imported #6 / 0 tx / 0 om / 0 (0.0%) gas / (0x2e3944b097e4a67b49b2f6a7849c922afeebc75a04b787bb2ba4b1da257ea7d1) in 0.004s. Peers: 4","throwable":""}
{"timestamp":"2025-05-26T01:15:04,059","container":"946a4fdc6a91","level":"INFO","thread":"EthScheduler-Workers-0","class":"PersistBlockTask","message":"Imported #7 / 0 tx / 0 om / 0 (0.0%) gas / (0xea053eecc5de05b355765a285153922c2424e696b3687817e98df176b6f1bf95) in 0.005s. Peers: 4","throwable":""}
{"timestamp":"2025-05-26T01:15:09,159","container":"946a4fdc6a91","level":"INFO","thread":"EthScheduler-Workers-0","class":"PersistBlockTask","message":"Imported #8 / 0 tx / 0 om / 0 (0.0%) gas / (0x80debcaf1e372230457ee2b03cc11379389314857bd4217efe6371ddeb0d773c) in 0.012s. Peers: 4","throwable":""}
{"timestamp":"2025-05-26T01:15:14,168","container":"946a4fdc6a91","level":"INFO","thread":"EthScheduler-Workers-0","class":"PersistBlockTask","message":"Imported #9 / 0 tx / 0 om / 0 (0.0%) gas / (0x66b7fe968abc688a53316f65098b25a07b98370c7393147d3954014989488ac3) in 0.018s. Peers: 4","throwable":""}
{"timestamp":"2025-05-26T01:15:19,088","container":"946a4fdc6a91","level":"INFO","thread":"EthScheduler-Workers-0","class":"PersistBlockTask","message":"Imported #10 / 0 tx / 0 om / 0 (0.0%) gas / (0x25f59d5dcf892445efb52ca18d9436c14ba9ca1d1293a7ecf9a54cf53c4af16d) in 0.006s. Peers: 4","throwable":""}
{"timestamp":"2025-05-26T01:15:24,074","container":"946a4fdc6a91","level":"INFO","thread":"EthScheduler-Workers-0","class":"PersistBlockTask","message":"Imported #11 / 0 tx / 0 om / 0 (0.0%) gas / (0x95a1fa1d2319f3294d5c17a9d1e62d02b137c61015da6d2cbda64c386af48d0d) in 0.004s. Peers: 4","throwable":""}
{"timestamp":"2025-05-26T01:15:29,059","container":"946a4fdc6a91","level":"INFO","thread":"EthScheduler-Workers-0","class":"PersistBlockTask","message":"Imported #12 / 0 tx / 0 om / 0 (0.0%) gas / (0xd3e15b898073adbb8bf137bb19344b7d1c02a09b3cf17391f7bfa9695f0c580f) in 0.006s. Peers: 4","throwable":""}
{"timestamp":"2025-05-26T01:15:35,270","container":"946a4fdc6a91","level":"ERROR","thread":"vert.x-worker-thread-1","class":"JsonRpcExecutorHandler","message":"JsonArray - Error streaming JSON-RPC response","throwable":" java.io.IOException: io.vertx.core.http.HttpClosedException: Connection was closed\n\tat org.hyperledger.besu.ethereum.api.jsonrpc.JsonResponseStreamer.stopOnFailureOrClosed(JsonResponseStreamer.java:85)\n\tat org.hyperledger.besu.ethereum.api.jsonrpc.JsonResponseStreamer.write(JsonResponseStreamer.java:57)\n\tat com.fasterxml.jackson.core.json.UTF8JsonGenerator._flushBuffer(UTF8JsonGenerator.java:2203)\n\tat com.fasterxml.jackson.core.json.UTF8JsonGenerator.flush(UTF8JsonGenerator.java:1197)\n\tat com.fasterxml.jackson.databind.ObjectMapper.writeValue(ObjectMapper.java:3210)\n\tat com.fasterxml.jackson.core.base.GeneratorBase.writeObject(GeneratorBase.java:389)\n\tat org.hyperledger.besu.ethereum.api.handlers.JsonRpcArrayExecutor.executeRpcRequestBatch(JsonRpcArrayExecutor.java:78)\n\tat org.hyperledger.besu.ethereum.api.handlers.JsonRpcArrayExecutor.execute(JsonRpcArrayExecutor.java:58)\n\tat org.hyperledger.besu.ethereum.api.handlers.JsonRpcExecutorHandler.lambda$handler$0(JsonRpcExecutorHandler.java:57)\n\tat java.base/java.util.Optional.ifPresentOrElse(Optional.java:196)\n\tat org.hyperledger.besu.ethereum.api.handlers.JsonRpcExecutorHandler.lambda$handler$2(JsonRpcExecutorHandler.java:54)\n\tat io.vertx.ext.web.impl.BlockingHandlerDecorator.lambda$handle$0(BlockingHandlerDecorator.java:48)\n\tat io.vertx.core.impl.ContextBase.lambda$null$0(ContextBase.java:137)\n\tat io.vertx.core.impl.ContextInternal.dispatch(ContextInternal.java:264)\n\tat io.vertx.core.impl.ContextBase.lambda$executeBlocking$1(ContextBase.java:135)\n\tat java.base/java.util.concurrent.ThreadPoolExecutor.runWorker(ThreadPoolExecutor.java:1136)\n\tat java.base/java.util.concurrent.ThreadPoolExecutor$Worker.run(ThreadPoolExecutor.java:635)\n\tat io.netty.util.concurrent.FastThreadLocalRunnable.run(FastThreadLocalRunnable.java:30)\n\tat java.base/java.lang.Thread.run(Thread.java:833)\n\tSuppressed: java.io.IOException: io.vertx.core.http.HttpClosedException: Connection was closed\n\t\tat org.hyperledger.besu.ethereum.api.jsonrpc.JsonResponseStreamer.stopOnFailureOrClosed(JsonResponseStreamer.java:85)\n\t\tat org.hyperledger.besu.ethereum.api.jsonrpc.JsonResponseStreamer.write(JsonResponseStreamer.java:57)\n\t\tat com.fasterxml.jackson.core.json.UTF8JsonGenerator._flushBuffer(UTF8JsonGenerator.java:2203)\n\t\tat com.fasterxml.jackson.core.json.UTF8JsonGenerator.close(UTF8JsonGenerator.java:1227)\n\t\tat org.hyperledger.besu.ethereum.api.handlers.JsonRpcArrayExecutor.executeRpcRequestBatch(JsonRpcArrayExecutor.java:73)\n\t\t... 12 more\n\tCaused by: io.vertx.core.http.HttpClosedException: Connection was closed\nCaused by: [CIRCULAR REFERENCE: io.vertx.core.http.HttpClosedException: Connection was closed]\n"}
{"timestamp":"2025-05-26T01:15:35,561","container":"946a4fdc6a91","level":"INFO","thread":"BftProcessorExecutor-QBFT-0","class":"BftProcessor","message":"Shutting down BFT event processor","throwable":""}
{"timestamp":"2025-05-26T01:15:35,564","container":"946a4fdc6a91","level":"INFO","thread":"BesuCommand-Shutdown-Hook","class":"DefaultSynchronizer","message":"Stopping synchronizer","throwable":""}
{"timestamp":"2025-05-26T01:15:35,566","container":"946a4fdc6a91","level":"INFO","thread":"BesuCommand-Shutdown-Hook","class":"NetworkRunner","message":"Stopping Network.","throwable":""}
{"timestamp":"2025-05-26T01:15:35,572","container":"946a4fdc6a91","level":"INFO","thread":"BesuCommand-Shutdown-Hook","class":"EthProtocolManager","message":"Stopping eth Subprotocol.","throwable":""}
{"timestamp":"2025-05-26T01:15:35,575","container":"946a4fdc6a91","level":"INFO","thread":"BesuCommand-Shutdown-Hook","class":"EthProtocolManager","message":"eth Subprotocol stopped.","throwable":""}
{"timestamp":"2025-05-26T01:15:35,575","container":"946a4fdc6a91","level":"INFO","thread":"BesuCommand-Shutdown-Hook","class":"NetworkRunner","message":"Network stopped.","throwable":""}
{"timestamp":"2025-05-26T01:15:35,575","container":"946a4fdc6a91","level":"INFO","thread":"BesuCommand-Shutdown-Hook","class":"AutoTransactionLogBloomCachingService","message":"Shutting down Auto transaction logs caching service.","throwable":""}
{"timestamp":"2025-05-26T01:15:35,576","container":"946a4fdc6a91","level":"INFO","thread":"BesuCommand-Shutdown-Hook","class":"NatService","message":"No NAT environment detected so no service could be stopped","throwable":""}
