{"timestamp":"2025-05-28T00:20:30,719","container":"2f7ba67213a0","level":"INFO","thread":"main","class":"Besu","message":"Starting Besu","throwable":""}
{"timestamp":"2025-05-28T00:20:31,057","container":"2f7ba67213a0","level":"WARN","thread":"main","class":"Besu","message":"--min-gas-price has been ignored because --miner-enabled was not defined on the command line.","throwable":""}
{"timestamp":"2025-05-28T00:20:31,562","container":"2f7ba67213a0","level":"INFO","thread":"main","class":"Besu","message":"
####################################################################################################
#                                                                                                  #
# Besu version 23.4.1                                                                              #
#                                                                                                  #
# Configuration:                                                                                   #
# Network: Custom genesis file specified                                                           #
# Network Id: 1337                                                                                 #
# Data storage: Forest                                                                             #
# Sync mode: Full                                                                                  #
# RPC HTTP APIs: EEA,WEB3,ETH,NET,TRACE,DEBUG,ADMIN,TXPOOL,PERM,CLIQUE                             #
# RPC HTTP port: 8545                                                                              #
#                                                                                                  #
# Host:                                                                                            #
# Java: openjdk-java-17                                                                            #
# Maximum heap size: 1.78 GB                                                                       #
# OS: linux-x86_64                                                                                 #
# glibc: 2.35                                                                                      #
# jemalloc: 5.2.1-0-gea6b3e973b477b8061e0076bb257dbd7f3faa756                                      #
# Total memory: 7.11 GB                                                                            #
# CPU cores: 16                                                                                    #
#                                                                                                  #
####################################################################################################","throwable":""}
{"timestamp":"2025-05-28T00:20:31,563","container":"2f7ba67213a0","level":"INFO","thread":"main","class":"Besu","message":"Connecting to 8 static nodes.","throwable":""}
{"timestamp":"2025-05-28T00:20:31,563","container":"2f7ba67213a0","level":"INFO","thread":"main","class":"Besu","message":"Security Module: localfile","throwable":""}
{"timestamp":"2025-05-28T00:20:31,615","container":"2f7ba67213a0","level":"INFO","thread":"main","class":"Besu","message":"Using the native implementation of alt bn128","throwable":""}
{"timestamp":"2025-05-28T00:20:31,656","container":"2f7ba67213a0","level":"INFO","thread":"main","class":"Besu","message":"Using the native implementation of modexp","throwable":""}
{"timestamp":"2025-05-28T00:20:31,657","container":"2f7ba67213a0","level":"INFO","thread":"main","class":"Besu","message":"Using the native implementation of the signature algorithm","throwable":""}
{"timestamp":"2025-05-28T00:20:31,662","container":"2f7ba67213a0","level":"INFO","thread":"main","class":"Besu","message":"Using the native implementation of the blake2bf algorithm","throwable":""}
{"timestamp":"2025-05-28T00:20:31,685","container":"2f7ba67213a0","level":"INFO","thread":"main","class":"RocksDBKeyValueStorageFactory","message":"No existing database detected at /opt/besu/data. Using version 1","throwable":""}
{"timestamp":"2025-05-28T00:20:32,358","container":"2f7ba67213a0","level":"INFO","thread":"main","class":"KeyPairUtil","message":"Loaded public key 0x8208a3f344695d44e9cf2c023683cbea7b9343e2f70a5e804bd2c93858e945f8f91439eef96a4ab6c47ff06637d6fbe6472f96de1655a1bee57ea896654f3a22 from /opt/besu/keys/nodekey","throwable":""}
{"timestamp":"2025-05-28T00:20:32,365","container":"2f7ba67213a0","level":"WARN","thread":"main","class":"Besu","message":"Privacy is disabled. Cannot use EEA/PRIV API methods when not using Privacy.","throwable":""}
{"timestamp":"2025-05-28T00:20:32,530","container":"2f7ba67213a0","level":"INFO","thread":"main","class":"ProtocolScheduleBuilder","message":"Protocol schedule created with milestones: [London: 0]","throwable":""}
{"timestamp":"2025-05-28T00:20:32,670","container":"2f7ba67213a0","level":"INFO","thread":"main","class":"TransactionPoolFactory","message":"Enabling transaction pool","throwable":""}
{"timestamp":"2025-05-28T00:20:32,685","container":"2f7ba67213a0","level":"INFO","thread":"main","class":"BesuControllerBuilder","message":"TTD difficulty is not present, creating initial sync phase for PoW","throwable":""}
{"timestamp":"2025-05-28T00:20:32,737","container":"2f7ba67213a0","level":"INFO","thread":"main","class":"RunnerBuilder","message":"Detecting NAT service.","throwable":""}
{"timestamp":"2025-05-28T00:20:33,327","container":"2f7ba67213a0","level":"INFO","thread":"main","class":"Runner","message":"Starting external services ... ","throwable":""}
{"timestamp":"2025-05-28T00:20:33,327","container":"2f7ba67213a0","level":"INFO","thread":"main","class":"MetricsHttpService","message":"Starting metrics http service on 0.0.0.0:9545","throwable":""}
{"timestamp":"2025-05-28T00:20:33,434","container":"2f7ba67213a0","level":"INFO","thread":"main","class":"JsonRpcHttpService","message":"Starting JSON-RPC service on 0.0.0.0:8545","throwable":""}
{"timestamp":"2025-05-28T00:20:33,434","container":"2f7ba67213a0","level":"INFO","thread":"vert.x-eventloop-thread-1","class":"MetricsHttpService","message":"Metrics service started and listening on 0.0.0.0:9545","throwable":""}
{"timestamp":"2025-05-28T00:20:33,447","container":"2f7ba67213a0","level":"INFO","thread":"vert.x-eventloop-thread-1","class":"JsonRpcHttpService","message":"JSON-RPC service started and listening on 0.0.0.0:8545","throwable":""}
{"timestamp":"2025-05-28T00:20:33,448","container":"2f7ba67213a0","level":"INFO","thread":"main","class":"GraphQLHttpService","message":"Starting GraphQL HTTP service on 0.0.0.0:8547","throwable":""}
{"timestamp":"2025-05-28T00:20:33,451","container":"2f7ba67213a0","level":"INFO","thread":"vert.x-eventloop-thread-1","class":"GraphQLHttpService","message":"GraphQL HTTP service started and listening on 0.0.0.0:8547","throwable":""}
{"timestamp":"2025-05-28T00:20:33,451","container":"2f7ba67213a0","level":"INFO","thread":"main","class":"WebSocketService","message":"Starting Websocket service on 0.0.0.0:8546","throwable":""}
{"timestamp":"2025-05-28T00:20:33,455","container":"2f7ba67213a0","level":"INFO","thread":"vert.x-eventloop-thread-1","class":"WebSocketService","message":"Websocket service started and listening on 0.0.0.0:8546","throwable":""}
{"timestamp":"2025-05-28T00:20:33,458","container":"2f7ba67213a0","level":"INFO","thread":"main","class":"AutoTransactionLogBloomCachingService","message":"Starting auto transaction log bloom caching service.","throwable":""}
{"timestamp":"2025-05-28T00:20:33,459","container":"2f7ba67213a0","level":"INFO","thread":"main","class":"LogBloomCacheMetadata","message":"Lookup cache metadata file in data directory: /opt/besu/data/caches","throwable":""}
{"timestamp":"2025-05-28T00:20:33,474","container":"2f7ba67213a0","level":"INFO","thread":"main","class":"Runner","message":"Starting Ethereum main loop ... ","throwable":""}
{"timestamp":"2025-05-28T00:20:33,474","container":"2f7ba67213a0","level":"INFO","thread":"main","class":"NatService","message":"No NAT environment detected so no service could be started","throwable":""}
{"timestamp":"2025-05-28T00:20:33,474","container":"2f7ba67213a0","level":"INFO","thread":"main","class":"NetworkRunner","message":"Starting Network.","throwable":""}
{"timestamp":"2025-05-28T00:20:33,486","container":"2f7ba67213a0","level":"INFO","thread":"nioEventLoopGroup-2-1","class":"RlpxAgent","message":"P2P RLPx agent started and listening on /[0:0:0:0:0:0:0:0]:30303.","throwable":""}
{"timestamp":"2025-05-28T00:20:33,487","container":"2f7ba67213a0","level":"INFO","thread":"main","class":"PeerDiscoveryAgent","message":"Starting peer discovery agent on host=0.0.0.0, port=30303","throwable":""}
{"timestamp":"2025-05-28T00:20:33,504","container":"2f7ba67213a0","level":"INFO","thread":"vert.x-eventloop-thread-1","class":"VertxPeerDiscoveryAgent","message":"Started peer discovery agent successfully, on effective host=0:0:0:0:0:0:0:0%0 and port=30303","throwable":""}
{"timestamp":"2025-05-28T00:20:33,505","container":"2f7ba67213a0","level":"INFO","thread":"vert.x-eventloop-thread-1","class":"PeerDiscoveryAgent","message":"P2P peer discovery agent started and listening on /[0:0:0:0:0:0:0:0%0]:30303","throwable":""}
{"timestamp":"2025-05-28T00:20:33,549","container":"2f7ba67213a0","level":"INFO","thread":"vert.x-eventloop-thread-1","class":"PeerDiscoveryAgent","message":"Writing node record to disk. NodeRecord{seq=1, publicKey=0x028208a3f344695d44e9cf2c023683cbea7b9343e2f70a5e804bd2c93858e945f8, udpAddress=Optional[/172.16.239.11:30303], tcpAddress=Optional[/172.16.239.11:30303], asBase64=-Je4QIj3G_YvE8vVcBUS_5NGQ-PnzHuEhWe2pJN-NDkf7FlMUqUvHk0Yky8mCUPXxxlrTnvBJUHHZU8GcPMmK8dTF5QBg2V0aMfGhJAftr-AgmlkgnY0gmlwhKwQ7wuJc2VjcDI1NmsxoQKCCKPzRGldROnPLAI2g8vqe5ND4vcKXoBL0sk4WOlF-IN0Y3CCdl-DdWRwgnZf, nodeId=0x58e94810eeee14c28613b47e93917cadbace5dfce132b991732c6cda9bcc5b8a, customFields={tcp=30303, udp=30303, ip=0xac10ef0b, eth=[[0x901fb6bf, 0x]], id=V4, secp256k1=0x028208a3f344695d44e9cf2c023683cbea7b9343e2f70a5e804bd2c93858e945f8}}","throwable":""}
{"timestamp":"2025-05-28T00:20:33,577","container":"2f7ba67213a0","level":"INFO","thread":"main","class":"DefaultP2PNetwork","message":"Enode URL enode://8208a3f344695d44e9cf2c023683cbea7b9343e2f70a5e804bd2c93858e945f8f91439eef96a4ab6c47ff06637d6fbe6472f96de1655a1bee57ea896654f3a22@172.16.239.11:30303","throwable":""}
{"timestamp":"2025-05-28T00:20:33,578","container":"2f7ba67213a0","level":"INFO","thread":"main","class":"DefaultP2PNetwork","message":"Node address 0x93917cadbace5dfce132b991732c6cda9bcc5b8a","throwable":""}
{"timestamp":"2025-05-28T00:20:33,601","container":"2f7ba67213a0","level":"INFO","thread":"main","class":"NetworkRunner","message":"Supported capabilities: [eth/62, eth/63, eth/64, eth/65, eth/66, eth/67, eth/68], [snap/1]","throwable":""}
{"timestamp":"2025-05-28T00:20:33,602","container":"2f7ba67213a0","level":"INFO","thread":"main","class":"DefaultSynchronizer","message":"Starting synchronizer.","throwable":""}
{"timestamp":"2025-05-28T00:20:33,604","container":"2f7ba67213a0","level":"INFO","thread":"main","class":"TransactionPoolFactory","message":"Enabling transaction handling following initial sync","throwable":""}
{"timestamp":"2025-05-28T00:20:33,606","container":"2f7ba67213a0","level":"INFO","thread":"main","class":"FullSyncDownloader","message":"Starting full sync.","throwable":""}
{"timestamp":"2025-05-28T00:20:33,606","container":"2f7ba67213a0","level":"INFO","thread":"main","class":"FullSyncTargetManager","message":"Unable to find sync target. Currently checking 0 peers for usefulness","throwable":""}
{"timestamp":"2025-05-28T00:20:33,624","container":"2f7ba67213a0","level":"INFO","thread":"main","class":"Runner","message":"Ethereum main loop is up.","throwable":""}
{"timestamp":"2025-05-28T00:20:33,695","container":"2f7ba67213a0","level":"INFO","thread":"pool-7-thread-1","class":"BlockMiner","message":"Produced #1 / 0 tx / 0 om / 0 (0.0%) gas / (0x3250e0def489d95d8dbac263c50d8a430a1d30d71db0078d14653f6dacaab7f4) in 0.064s","throwable":""}
{"timestamp":"2025-05-28T00:20:38,620","container":"2f7ba67213a0","level":"INFO","thread":"EthScheduler-Timer-0","class":"FullSyncTargetManager","message":"Unable to find sync target. Currently checking 0 peers for usefulness","throwable":""}
{"timestamp":"2025-05-28T00:20:43,623","container":"2f7ba67213a0","level":"INFO","thread":"EthScheduler-Timer-0","class":"FullSyncTargetManager","message":"Unable to find sync target. Currently checking 0 peers for usefulness","throwable":""}
{"timestamp":"2025-05-28T00:20:48,010","container":"2f7ba67213a0","level":"INFO","thread":"pool-7-thread-2","class":"BlockMiner","message":"Produced #2 / 0 tx / 0 om / 0 (0.0%) gas / (0xac405cfff6a7316243bb5512b7eaab8350c13b7b856a75a31a39d683a1b77e9e) in 0.008s","throwable":""}
{"timestamp":"2025-05-28T00:20:48,624","container":"2f7ba67213a0","level":"INFO","thread":"EthScheduler-Timer-0","class":"FullSyncTargetManager","message":"Unable to find sync target. Currently checking 0 peers for usefulness","throwable":""}
{"timestamp":"2025-05-28T00:20:53,625","container":"2f7ba67213a0","level":"INFO","thread":"EthScheduler-Timer-0","class":"FullSyncTargetManager","message":"Unable to find sync target. Currently checking 0 peers for usefulness","throwable":""}
{"timestamp":"2025-05-28T00:20:58,633","container":"2f7ba67213a0","level":"INFO","thread":"EthScheduler-Timer-0","class":"FullSyncTargetManager","message":"Unable to find sync target. Currently checking 0 peers for usefulness","throwable":""}
{"timestamp":"2025-05-28T00:21:03,007","container":"2f7ba67213a0","level":"INFO","thread":"pool-7-thread-1","class":"BlockMiner","message":"Produced #3 / 0 tx / 0 om / 0 (0.0%) gas / (0x4937c843fdc029fec60715d8d92f4c2dd535dd019c1f08c289d342545207d690) in 0.006s","throwable":""}
{"timestamp":"2025-05-28T00:21:03,634","container":"2f7ba67213a0","level":"INFO","thread":"EthScheduler-Timer-0","class":"FullSyncTargetManager","message":"Unable to find sync target. Currently checking 0 peers for usefulness","throwable":""}
{"timestamp":"2025-05-28T00:21:08,635","container":"2f7ba67213a0","level":"INFO","thread":"EthScheduler-Timer-0","class":"FullSyncTargetManager","message":"Unable to find sync target. Currently checking 0 peers for usefulness","throwable":""}
{"timestamp":"2025-05-28T00:21:13,636","container":"2f7ba67213a0","level":"INFO","thread":"EthScheduler-Timer-0","class":"FullSyncTargetManager","message":"Unable to find sync target. Currently checking 0 peers for usefulness","throwable":""}
{"timestamp":"2025-05-28T00:21:18,006","container":"2f7ba67213a0","level":"INFO","thread":"pool-7-thread-2","class":"BlockMiner","message":"Produced #4 / 0 tx / 0 om / 0 (0.0%) gas / (0x1b38e4e5ace56f5a29f21f47f6a12bf4306513a11e2aa0deb8ca1a7279b657f5) in 0.005s","throwable":""}
{"timestamp":"2025-05-28T00:21:18,637","container":"2f7ba67213a0","level":"INFO","thread":"EthScheduler-Timer-0","class":"FullSyncTargetManager","message":"Unable to find sync target. Currently checking 0 peers for usefulness","throwable":""}
{"timestamp":"2025-05-28T00:21:23,638","container":"2f7ba67213a0","level":"INFO","thread":"EthScheduler-Timer-0","class":"FullSyncTargetManager","message":"Unable to find sync target. Currently checking 0 peers for usefulness","throwable":""}
{"timestamp":"2025-05-28T00:21:28,639","container":"2f7ba67213a0","level":"INFO","thread":"EthScheduler-Timer-0","class":"FullSyncTargetManager","message":"Unable to find sync target. Currently checking 0 peers for usefulness","throwable":""}
{"timestamp":"2025-05-28T00:21:33,006","container":"2f7ba67213a0","level":"INFO","thread":"pool-7-thread-1","class":"BlockMiner","message":"Produced #5 / 0 tx / 0 om / 0 (0.0%) gas / (0xc37d3ccf0f7913e75d5af9b3db22f04218fde453f67d971673bedd4eaa7a5ece) in 0.005s","throwable":""}
{"timestamp":"2025-05-28T00:21:33,640","container":"2f7ba67213a0","level":"INFO","thread":"EthScheduler-Timer-0","class":"FullSyncTargetManager","message":"Unable to find sync target. Currently checking 0 peers for usefulness","throwable":""}
{"timestamp":"2025-05-28T00:21:38,641","container":"2f7ba67213a0","level":"INFO","thread":"EthScheduler-Timer-0","class":"FullSyncTargetManager","message":"Unable to find sync target. Currently checking 0 peers for usefulness","throwable":""}
{"timestamp":"2025-05-28T00:21:43,642","container":"2f7ba67213a0","level":"INFO","thread":"EthScheduler-Timer-0","class":"FullSyncTargetManager","message":"Unable to find sync target. Currently checking 0 peers for usefulness","throwable":""}
{"timestamp":"2025-05-28T00:21:48,006","container":"2f7ba67213a0","level":"INFO","thread":"pool-7-thread-2","class":"BlockMiner","message":"Produced #6 / 0 tx / 0 om / 0 (0.0%) gas / (0xe6ad9093d05ed5e52c6b5168b274fd4c3344e606a10e0c6707c93f4c5b9403ba) in 0.005s","throwable":""}
{"timestamp":"2025-05-28T00:21:48,644","container":"2f7ba67213a0","level":"INFO","thread":"EthScheduler-Timer-0","class":"FullSyncTargetManager","message":"Unable to find sync target. Currently checking 0 peers for usefulness","throwable":""}
{"timestamp":"2025-05-28T00:21:53,645","container":"2f7ba67213a0","level":"INFO","thread":"EthScheduler-Timer-0","class":"FullSyncTargetManager","message":"Unable to find sync target. Currently checking 0 peers for usefulness","throwable":""}
{"timestamp":"2025-05-28T00:21:58,646","container":"2f7ba67213a0","level":"INFO","thread":"EthScheduler-Timer-0","class":"FullSyncTargetManager","message":"Unable to find sync target. Currently checking 0 peers for usefulness","throwable":""}
{"timestamp":"2025-05-28T00:22:03,008","container":"2f7ba67213a0","level":"INFO","thread":"pool-7-thread-1","class":"BlockMiner","message":"Produced #7 / 0 tx / 0 om / 0 (0.0%) gas / (0xe053bac4ac4732267a1e8ee082b6852059b0d028a695411d9053bacc9e56f244) in 0.007s","throwable":""}
{"timestamp":"2025-05-28T00:22:03,647","container":"2f7ba67213a0","level":"INFO","thread":"EthScheduler-Timer-0","class":"FullSyncTargetManager","message":"Unable to find sync target. Currently checking 0 peers for usefulness","throwable":""}
{"timestamp":"2025-05-28T00:22:08,649","container":"2f7ba67213a0","level":"INFO","thread":"EthScheduler-Timer-0","class":"FullSyncTargetManager","message":"Unable to find sync target. Currently checking 0 peers for usefulness","throwable":""}
{"timestamp":"2025-05-28T00:22:13,650","container":"2f7ba67213a0","level":"INFO","thread":"EthScheduler-Timer-0","class":"FullSyncTargetManager","message":"Unable to find sync target. Currently checking 0 peers for usefulness","throwable":""}
{"timestamp":"2025-05-28T00:22:18,007","container":"2f7ba67213a0","level":"INFO","thread":"pool-7-thread-2","class":"BlockMiner","message":"Produced #8 / 0 tx / 0 om / 0 (0.0%) gas / (0xa9b7c5ea7accbb895e3a70dad7bd080f0aa7410431b5469f94f655b871b77346) in 0.007s","throwable":""}
{"timestamp":"2025-05-28T00:22:18,651","container":"2f7ba67213a0","level":"INFO","thread":"EthScheduler-Timer-0","class":"FullSyncTargetManager","message":"Unable to find sync target. Currently checking 0 peers for usefulness","throwable":""}
{"timestamp":"2025-05-28T00:22:23,652","container":"2f7ba67213a0","level":"INFO","thread":"EthScheduler-Timer-0","class":"FullSyncTargetManager","message":"Unable to find sync target. Currently checking 0 peers for usefulness","throwable":""}
{"timestamp":"2025-05-28T00:22:28,654","container":"2f7ba67213a0","level":"INFO","thread":"EthScheduler-Timer-0","class":"FullSyncTargetManager","message":"Unable to find sync target. Currently checking 0 peers for usefulness","throwable":""}
{"timestamp":"2025-05-28T00:22:33,005","container":"2f7ba67213a0","level":"INFO","thread":"pool-7-thread-1","class":"BlockMiner","message":"Produced #9 / 0 tx / 0 om / 0 (0.0%) gas / (0x03ce15c7adc6ee8211ba71ebc6fa4eef1e2ffb6c2850efc13270c2bb02f19516) in 0.004s","throwable":""}
{"timestamp":"2025-05-28T00:22:33,655","container":"2f7ba67213a0","level":"INFO","thread":"EthScheduler-Timer-0","class":"FullSyncTargetManager","message":"Unable to find sync target. Currently checking 0 peers for usefulness","throwable":""}
{"timestamp":"2025-05-28T00:22:37,799","container":"2f7ba67213a0","level":"INFO","thread":"BesuCommand-Shutdown-Hook","class":"DefaultSynchronizer","message":"Stopping synchronizer","throwable":""}
{"timestamp":"2025-05-28T00:22:37,803","container":"2f7ba67213a0","level":"INFO","thread":"BesuCommand-Shutdown-Hook","class":"NetworkRunner","message":"Stopping Network.","throwable":""}
{"timestamp":"2025-05-28T00:22:37,812","container":"2f7ba67213a0","level":"INFO","thread":"BesuCommand-Shutdown-Hook","class":"EthProtocolManager","message":"Stopping eth Subprotocol.","throwable":""}
{"timestamp":"2025-05-28T00:22:37,817","container":"2f7ba67213a0","level":"INFO","thread":"BesuCommand-Shutdown-Hook","class":"EthProtocolManager","message":"eth Subprotocol stopped.","throwable":""}
{"timestamp":"2025-05-28T00:22:37,818","container":"2f7ba67213a0","level":"INFO","thread":"BesuCommand-Shutdown-Hook","class":"NetworkRunner","message":"Network stopped.","throwable":""}
{"timestamp":"2025-05-28T00:22:37,819","container":"2f7ba67213a0","level":"INFO","thread":"BesuCommand-Shutdown-Hook","class":"AutoTransactionLogBloomCachingService","message":"Shutting down Auto transaction logs caching service.","throwable":""}
{"timestamp":"2025-05-28T00:22:37,820","container":"2f7ba67213a0","level":"INFO","thread":"BesuCommand-Shutdown-Hook","class":"NatService","message":"No NAT environment detected so no service could be stopped","throwable":""}
